{"logTime": "0504/103047", "correlationVector":"DbJ8e8bSPoIdmaD49j1R9J.3","action":"ProcessGetUpdates", "result":"Done", "context":{"dataType":"Saved Tab Group", "deleted":"6", "process_failed_to_decrypt":"0", "process_pending_decryption":"0", "process_success":"7", "total":"7"}}
{"logTime": "0504/103047", "correlationVector":"DbJ8e8bSPoIdmaD49j1R9J.4","action":"ProcessGetUpdates", "result":"Done", "context":{"dataType":"Edge Hub App Usage", "deleted":"0", "process_failed_to_decrypt":"0", "process_pending_decryption":"0", "process_success":"3", "total":"3"}}
{"logTime": "0504/103047", "correlationVector":"DbJ8e8bSPoIdmaD49j1R9J.5","action":"GetUpdates Response", "result":"Success", "context":Received 250 update(s). cV=DbJ8e8bSPoIdmaD49j1R9J.0;server=akswtt11300000f;cloudType=Consumer;environment=Prod_eastus_prod-s01-056-nam-eastus;migrationStage=NotStarted Some updates remain.}
{"logTime": "0504/103047", "correlationVector":"+LwtMn4+EwVsbJdRb2LWN+","action":"Initial GetUpdates", "result":"", "context":Reason: NEWLY_SUPPORTED_DATATYPE. cV=+LwtMn4+EwVsbJdRb2LWN+}
{"logTime": "0504/103048", "correlationVector":"+LwtMn4+EwVsbJdRb2LWN+.1","action":"SyncServerConnectionManagerRequest", "result":"SYNC_SERVER_OK", "context":{"environment":"Prod_eastus_prod-s01-056-nam-eastus", "migrationStage":"NotStarted", "server":"akswtt113000003"}}
{"logTime": "0504/103048", "correlationVector":"+LwtMn4+EwVsbJdRb2LWN+.2","action":"ProcessGetUpdates", "result":"Done", "context":{"dataType":"Sessions", "deleted":"250", "process_failed_to_decrypt":"0", "process_pending_decryption":"0", "process_success":"250", "total":"250"}}
{"logTime": "0504/103048", "correlationVector":"+LwtMn4+EwVsbJdRb2LWN+.3","action":"GetUpdates Response", "result":"Success", "context":Received 250 update(s). cV=+LwtMn4+EwVsbJdRb2LWN+.0;server=akswtt113000003;cloudType=Consumer;environment=Prod_eastus_prod-s01-056-nam-eastus;migrationStage=NotStarted Some updates remain.}
{"logTime": "0504/103048", "correlationVector":"Z/mUg6QlNrVhY1c3bYCuD9","action":"Initial GetUpdates", "result":"", "context":Reason: NEWLY_SUPPORTED_DATATYPE. cV=Z/mUg6QlNrVhY1c3bYCuD9}
{"logTime": "0504/103049", "correlationVector":"Z/mUg6QlNrVhY1c3bYCuD9.1","action":"SyncServerConnectionManagerRequest", "result":"SYNC_SERVER_OK", "context":{"environment":"Prod_eastus_prod-s01-056-nam-eastus", "migrationStage":"NotStarted", "server":"akswtt113000011"}}
{"logTime": "0504/103049", "correlationVector":"Z/mUg6QlNrVhY1c3bYCuD9.2","action":"ProcessGetUpdates", "result":"Done", "context":{"dataType":"Sessions", "deleted":"231", "process_failed_to_decrypt":"0", "process_pending_decryption":"0", "process_success":"231", "total":"231"}}
{"logTime": "0504/103049", "correlationVector":"Z/mUg6QlNrVhY1c3bYCuD9.3","action":"ProcessGetUpdates", "result":"Done", "context":{"dataType":"Saved Tab Group", "deleted":"4", "process_failed_to_decrypt":"0", "process_pending_decryption":"0", "process_success":"6", "total":"6"}}
{"logTime": "0504/103049", "correlationVector":"Z/mUg6QlNrVhY1c3bYCuD9.4","action":"ProcessGetUpdates", "result":"Done", "context":{"dataType":"Edge Hub App Usage", "deleted":"0", "process_failed_to_decrypt":"0", "process_pending_decryption":"0", "process_success":"13", "total":"13"}}
{"logTime": "0504/103049", "correlationVector":"Z/mUg6QlNrVhY1c3bYCuD9.5","action":"GetUpdates Response", "result":"Success", "context":Received 250 update(s). cV=Z/mUg6QlNrVhY1c3bYCuD9.0;server=akswtt113000011;cloudType=Consumer;environment=Prod_eastus_prod-s01-056-nam-eastus;migrationStage=NotStarted Some updates remain.}
{"logTime": "0504/103049", "correlationVector":"Q+4IRA6CwqdMA+YcwJiCIB","action":"Initial GetUpdates", "result":"", "context":Reason: NEWLY_SUPPORTED_DATATYPE. cV=Q+4IRA6CwqdMA+YcwJiCIB}
{"logTime": "0504/103050", "correlationVector":"Q+4IRA6CwqdMA+YcwJiCIB.1","action":"SyncServerConnectionManagerRequest", "result":"SYNC_SERVER_OK", "context":{"environment":"Prod_eastus_prod-s01-056-nam-eastus", "migrationStage":"NotStarted", "server":"akswtt11300000z"}}
{"logTime": "0504/103050", "correlationVector":"Q+4IRA6CwqdMA+YcwJiCIB.2","action":"ProcessGetUpdates", "result":"Done", "context":{"dataType":"Extensions", "deleted":"0", "process_failed_to_decrypt":"0", "process_pending_decryption":"0", "process_success":"1", "total":"1"}}
{"logTime": "0504/103050", "correlationVector":"Q+4IRA6CwqdMA+YcwJiCIB.3","action":"ProcessGetUpdates", "result":"Done", "context":{"dataType":"Sessions", "deleted":"241", "process_failed_to_decrypt":"0", "process_pending_decryption":"0", "process_success":"243", "total":"243"}}
{"logTime": "0504/103050", "correlationVector":"Q+4IRA6CwqdMA+YcwJiCIB.4","action":"ProcessGetUpdates", "result":"Done", "context":{"dataType":"Edge Hub App Usage", "deleted":"3", "process_failed_to_decrypt":"0", "process_pending_decryption":"0", "process_success":"6", "total":"6"}}
{"logTime": "0504/103050", "correlationVector":"Q+4IRA6CwqdMA+YcwJiCIB.5","action":"GetUpdates Response", "result":"Success", "context":Received 250 update(s). cV=Q+4IRA6CwqdMA+YcwJiCIB.0;server=akswtt11300000z;cloudType=Consumer;environment=Prod_eastus_prod-s01-056-nam-eastus;migrationStage=NotStarted Some updates remain.}
{"logTime": "0504/103050", "correlationVector":"cFXeLLvlMEgSRAsx8Lo4R3","action":"Initial GetUpdates", "result":"", "context":Reason: NEWLY_SUPPORTED_DATATYPE. cV=cFXeLLvlMEgSRAsx8Lo4R3}
{"logTime": "0504/103051", "correlationVector":"cFXeLLvlMEgSRAsx8Lo4R3.1","action":"SyncServerConnectionManagerRequest", "result":"SYNC_SERVER_OK", "context":{"environment":"Prod_eastus_prod-s01-056-nam-eastus", "migrationStage":"NotStarted", "server":"akswtt11300000f"}}
{"logTime": "0504/103051", "correlationVector":"cFXeLLvlMEgSRAsx8Lo4R3.2","action":"ProcessGetUpdates", "result":"Done", "context":{"dataType":"Extensions", "deleted":"0", "process_failed_to_decrypt":"0", "process_pending_decryption":"0", "process_success":"2", "total":"2"}}
{"logTime": "0504/103051", "correlationVector":"cFXeLLvlMEgSRAsx8Lo4R3.3","action":"ProcessGetUpdates", "result":"Done", "context":{"dataType":"Sessions", "deleted":"230", "process_failed_to_decrypt":"0", "process_pending_decryption":"0", "process_success":"230", "total":"230"}}
{"logTime": "0504/103051", "correlationVector":"cFXeLLvlMEgSRAsx8Lo4R3.4","action":"ProcessGetUpdates", "result":"Done", "context":{"dataType":"Saved Tab Group", "deleted":"7", "process_failed_to_decrypt":"0", "process_pending_decryption":"0", "process_success":"7", "total":"7"}}
{"logTime": "0504/103051", "correlationVector":"cFXeLLvlMEgSRAsx8Lo4R3.5","action":"ProcessGetUpdates", "result":"Done", "context":{"dataType":"Edge Hub App Usage", "deleted":"11", "process_failed_to_decrypt":"0", "process_pending_decryption":"0", "process_success":"11", "total":"11"}}
{"logTime": "0504/103051", "correlationVector":"cFXeLLvlMEgSRAsx8Lo4R3.6","action":"GetUpdates Response", "result":"Success", "context":Received 250 update(s). cV=cFXeLLvlMEgSRAsx8Lo4R3.0;server=akswtt11300000f;cloudType=Consumer;environment=Prod_eastus_prod-s01-056-nam-eastus;migrationStage=NotStarted Some updates remain.}
{"logTime": "0504/103051", "correlationVector":"YRrcOr4BRDsiaT9V7B7ylH","action":"Initial GetUpdates", "result":"", "context":Reason: NEWLY_SUPPORTED_DATATYPE. cV=YRrcOr4BRDsiaT9V7B7ylH}
{"logTime": "0504/103051", "correlationVector":"YRrcOr4BRDsiaT9V7B7ylH.1","action":"SyncServerConnectionManagerRequest", "result":"SYNC_SERVER_OK", "context":{"environment":"Prod_eastus_prod-s01-056-nam-eastus", "migrationStage":"NotStarted", "server":"akswtt113000003"}}
{"logTime": "0504/103051", "correlationVector":"YRrcOr4BRDsiaT9V7B7ylH.2","action":"ProcessGetUpdates", "result":"Done", "context":{"dataType":"Autofill", "deleted":"0", "process_failed_to_decrypt":"0", "process_pending_decryption":"0", "process_success":"10", "total":"10"}}
{"logTime": "0504/103051", "correlationVector":"YRrcOr4BRDsiaT9V7B7ylH.3","action":"ProcessGetUpdates", "result":"Done", "context":{"dataType":"Sessions", "deleted":"166", "process_failed_to_decrypt":"0", "process_pending_decryption":"0", "process_success":"176", "total":"176"}}
{"logTime": "0504/103051", "correlationVector":"YRrcOr4BRDsiaT9V7B7ylH.4","action":"ProcessGetUpdates", "result":"Done", "context":{"dataType":"Saved Tab Group", "deleted":"3", "process_failed_to_decrypt":"0", "process_pending_decryption":"0", "process_success":"3", "total":"3"}}
{"logTime": "0504/103051", "correlationVector":"YRrcOr4BRDsiaT9V7B7ylH.5","action":"ProcessGetUpdates", "result":"Done", "context":{"dataType":"Edge Hub App Usage", "deleted":"4", "process_failed_to_decrypt":"0", "process_pending_decryption":"0", "process_success":"11", "total":"11"}}
{"logTime": "0504/103051", "correlationVector":"YRrcOr4BRDsiaT9V7B7ylH.6","action":"GetUpdates Response", "result":"Success", "context":Received 200 update(s). cV=YRrcOr4BRDsiaT9V7B7ylH.0;server=akswtt113000003;cloudType=Consumer;environment=Prod_eastus_prod-s01-056-nam-eastus;migrationStage=NotStarted}
{"logTime": "0504/103051", "correlationVector":"XZIkagc+Em8cLli8896D+G","action":"Initial GetUpdates", "result":"", "context":Reason: NEWLY_SUPPORTED_DATATYPE. cV=XZIkagc+Em8cLli8896D+G}
{"logTime": "0504/103052", "correlationVector":"XZIkagc+Em8cLli8896D+G.1","action":"SyncServerConnectionManagerRequest", "result":"SYNC_SERVER_OK", "context":{"environment":"Prod_eastus_prod-s01-056-nam-eastus", "migrationStage":"NotStarted", "server":"akswtt113000011"}}
{"logTime": "0504/103052", "correlationVector":"XZIkagc+Em8cLli8896D+G.2","action":"ProcessGetUpdates", "result":"Done", "context":{"dataType":"History", "deleted":"0", "process_failed_to_decrypt":"0", "process_pending_decryption":"0", "process_success":"250", "total":"250"}}
{"logTime": "0504/103052", "correlationVector":"XZIkagc+Em8cLli8896D+G.3","action":"GetUpdates Response", "result":"Success", "context":Received 250 update(s). cV=XZIkagc+Em8cLli8896D+G.0;server=akswtt113000011;cloudType=Consumer;environment=Prod_eastus_prod-s01-056-nam-eastus;migrationStage=NotStarted Some updates remain.}
{"logTime": "0504/103052", "correlationVector":"wqndm4Zdr5u0skB8t9X40U","action":"Initial GetUpdates", "result":"", "context":Reason: NEWLY_SUPPORTED_DATATYPE. cV=wqndm4Zdr5u0skB8t9X40U}
{"logTime": "0504/103052", "correlationVector":"wqndm4Zdr5u0skB8t9X40U.1","action":"SyncServerConnectionManagerRequest", "result":"SYNC_SERVER_OK", "context":{"environment":"Prod_eastus_prod-s01-056-nam-eastus", "migrationStage":"NotStarted", "server":"akswtt11300000z"}}
{"logTime": "0504/103052", "correlationVector":"wqndm4Zdr5u0skB8t9X40U.2","action":"ProcessGetUpdates", "result":"Done", "context":{"dataType":"History", "deleted":"0", "process_failed_to_decrypt":"0", "process_pending_decryption":"0", "process_success":"250", "total":"250"}}
{"logTime": "0504/103052", "correlationVector":"wqndm4Zdr5u0skB8t9X40U.3","action":"GetUpdates Response", "result":"Success", "context":Received 250 update(s). cV=wqndm4Zdr5u0skB8t9X40U.0;server=akswtt11300000z;cloudType=Consumer;environment=Prod_eastus_prod-s01-056-nam-eastus;migrationStage=NotStarted Some updates remain.}
{"logTime": "0504/103052", "correlationVector":"466aWeR5Zl5Z478PDtSth+","action":"Initial GetUpdates", "result":"", "context":Reason: NEWLY_SUPPORTED_DATATYPE. cV=466aWeR5Zl5Z478PDtSth+}
{"logTime": "0504/103053", "correlationVector":"466aWeR5Zl5Z478PDtSth+.1","action":"SyncServerConnectionManagerRequest", "result":"SYNC_SERVER_OK", "context":{"environment":"Prod_eastus_prod-s01-056-nam-eastus", "migrationStage":"NotStarted", "server":"akswtt11300000f"}}
{"logTime": "0504/103053", "correlationVector":"466aWeR5Zl5Z478PDtSth+.2","action":"ProcessGetUpdates", "result":"Done", "context":{"dataType":"History", "deleted":"0", "process_failed_to_decrypt":"0", "process_pending_decryption":"0", "process_success":"250", "total":"250"}}
{"logTime": "0504/103053", "correlationVector":"466aWeR5Zl5Z478PDtSth+.3","action":"GetUpdates Response", "result":"Success", "context":Received 250 update(s). cV=466aWeR5Zl5Z478PDtSth+.0;server=akswtt11300000f;cloudType=Consumer;environment=Prod_eastus_prod-s01-056-nam-eastus;migrationStage=NotStarted Some updates remain.}
{"logTime": "0504/103053", "correlationVector":"Fgn6XpiXk5ruIaaeSzhle9","action":"Initial GetUpdates", "result":"", "context":Reason: NEWLY_SUPPORTED_DATATYPE. cV=Fgn6XpiXk5ruIaaeSzhle9}
{"logTime": "0504/103054", "correlationVector":"Fgn6XpiXk5ruIaaeSzhle9.1","action":"SyncServerConnectionManagerRequest", "result":"SYNC_SERVER_OK", "context":{"environment":"Prod_eastus_prod-s01-056-nam-eastus", "migrationStage":"NotStarted", "server":"akswtt113000003"}}
{"logTime": "0504/103054", "correlationVector":"Fgn6XpiXk5ruIaaeSzhle9.2","action":"ProcessGetUpdates", "result":"Done", "context":{"dataType":"History", "deleted":"0", "process_failed_to_decrypt":"0", "process_pending_decryption":"0", "process_success":"250", "total":"250"}}
{"logTime": "0504/103054", "correlationVector":"Fgn6XpiXk5ruIaaeSzhle9.3","action":"GetUpdates Response", "result":"Success", "context":Received 250 update(s). cV=Fgn6XpiXk5ruIaaeSzhle9.0;server=akswtt113000003;cloudType=Consumer;environment=Prod_eastus_prod-s01-056-nam-eastus;migrationStage=NotStarted Some updates remain.}
{"logTime": "0504/103054", "correlationVector":"VoVsgtueuYMCsEolMzwdqo","action":"Initial GetUpdates", "result":"", "context":Reason: NEWLY_SUPPORTED_DATATYPE. cV=VoVsgtueuYMCsEolMzwdqo}
{"logTime": "0504/103054", "correlationVector":"VoVsgtueuYMCsEolMzwdqo.1","action":"SyncServerConnectionManagerRequest", "result":"SYNC_SERVER_OK", "context":{"environment":"Prod_eastus_prod-s01-056-nam-eastus", "migrationStage":"NotStarted", "server":"akswtt113000011"}}
{"logTime": "0504/103054", "correlationVector":"VoVsgtueuYMCsEolMzwdqo.2","action":"ProcessGetUpdates", "result":"Done", "context":{"dataType":"History", "deleted":"0", "process_failed_to_decrypt":"0", "process_pending_decryption":"0", "process_success":"250", "total":"250"}}
{"logTime": "0504/103055", "correlationVector":"VoVsgtueuYMCsEolMzwdqo.3","action":"GetUpdates Response", "result":"Success", "context":Received 250 update(s). cV=VoVsgtueuYMCsEolMzwdqo.0;server=akswtt113000011;cloudType=Consumer;environment=Prod_eastus_prod-s01-056-nam-eastus;migrationStage=NotStarted Some updates remain.}
{"logTime": "0504/103055", "correlationVector":"V5Nz5A44KYC939tEP0qmJh","action":"Initial GetUpdates", "result":"", "context":Reason: NEWLY_SUPPORTED_DATATYPE. cV=V5Nz5A44KYC939tEP0qmJh}
{"logTime": "0504/103056", "correlationVector":"V5Nz5A44KYC939tEP0qmJh.1","action":"SyncServerConnectionManagerRequest", "result":"SYNC_SERVER_OK", "context":{"environment":"Prod_eastus_prod-s01-056-nam-eastus", "migrationStage":"NotStarted", "server":"akswtt11300000z"}}
{"logTime": "0504/103056", "correlationVector":"V5Nz5A44KYC939tEP0qmJh.2","action":"ProcessGetUpdates", "result":"Done", "context":{"dataType":"History", "deleted":"0", "process_failed_to_decrypt":"0", "process_pending_decryption":"0", "process_success":"250", "total":"250"}}
{"logTime": "0504/103056", "correlationVector":"V5Nz5A44KYC939tEP0qmJh.3","action":"GetUpdates Response", "result":"Success", "context":Received 250 update(s). cV=V5Nz5A44KYC939tEP0qmJh.0;server=akswtt11300000z;cloudType=Consumer;environment=Prod_eastus_prod-s01-056-nam-eastus;migrationStage=NotStarted Some updates remain.}
{"logTime": "0504/103056", "correlationVector":"EI79Zt7/dKU+8GgcXOb/G4","action":"Initial GetUpdates", "result":"", "context":Reason: NEWLY_SUPPORTED_DATATYPE. cV=EI79Zt7/dKU+8GgcXOb/G4}
{"logTime": "0504/103057", "correlationVector":"EI79Zt7/dKU+8GgcXOb/G4.1","action":"SyncServerConnectionManagerRequest", "result":"SYNC_SERVER_OK", "context":{"environment":"Prod_eastus_prod-s01-056-nam-eastus", "migrationStage":"NotStarted", "server":"akswtt11300000f"}}
{"logTime": "0504/103057", "correlationVector":"EI79Zt7/dKU+8GgcXOb/G4.2","action":"ProcessGetUpdates", "result":"Done", "context":{"dataType":"History", "deleted":"0", "process_failed_to_decrypt":"0", "process_pending_decryption":"0", "process_success":"250", "total":"250"}}
{"logTime": "0504/103057", "correlationVector":"EI79Zt7/dKU+8GgcXOb/G4.3","action":"GetUpdates Response", "result":"Success", "context":Received 250 update(s). cV=EI79Zt7/dKU+8GgcXOb/G4.0;server=akswtt11300000f;cloudType=Consumer;environment=Prod_eastus_prod-s01-056-nam-eastus;migrationStage=NotStarted Some updates remain.}
{"logTime": "0504/103057", "correlationVector":"pBtt2BkJBYvA9Xrsl5InX9","action":"Initial GetUpdates", "result":"", "context":Reason: NEWLY_SUPPORTED_DATATYPE. cV=pBtt2BkJBYvA9Xrsl5InX9}
{"logTime": "0504/103058", "correlationVector":"pBtt2BkJBYvA9Xrsl5InX9.1","action":"SyncServerConnectionManagerRequest", "result":"SYNC_SERVER_OK", "context":{"environment":"Prod_eastus_prod-s01-056-nam-eastus", "migrationStage":"NotStarted", "server":"akswtt11300000z"}}
{"logTime": "0504/103058", "correlationVector":"pBtt2BkJBYvA9Xrsl5InX9.2","action":"ProcessGetUpdates", "result":"Done", "context":{"dataType":"History", "deleted":"0", "process_failed_to_decrypt":"0", "process_pending_decryption":"0", "process_success":"250", "total":"250"}}
{"logTime": "0504/103058", "correlationVector":"pBtt2BkJBYvA9Xrsl5InX9.3","action":"GetUpdates Response", "result":"Success", "context":Received 250 update(s). cV=pBtt2BkJBYvA9Xrsl5InX9.0;server=akswtt11300000z;cloudType=Consumer;environment=Prod_eastus_prod-s01-056-nam-eastus;migrationStage=NotStarted Some updates remain.}
{"logTime": "0504/103058", "correlationVector":"E/iHZ4x/ZjGIGBKZoxFW/p","action":"Initial GetUpdates", "result":"", "context":Reason: NEWLY_SUPPORTED_DATATYPE. cV=E/iHZ4x/ZjGIGBKZoxFW/p}
{"logTime": "0504/103059", "correlationVector":"E/iHZ4x/ZjGIGBKZoxFW/p.1","action":"SyncServerConnectionManagerRequest", "result":"SYNC_SERVER_OK", "context":{"environment":"Prod_eastus_prod-s01-056-nam-eastus", "migrationStage":"NotStarted", "server":"akswtt113000011"}}
{"logTime": "0504/103059", "correlationVector":"E/iHZ4x/ZjGIGBKZoxFW/p.2","action":"ProcessGetUpdates", "result":"Done", "context":{"dataType":"History", "deleted":"0", "process_failed_to_decrypt":"0", "process_pending_decryption":"0", "process_success":"250", "total":"250"}}
{"logTime": "0504/103059", "correlationVector":"E/iHZ4x/ZjGIGBKZoxFW/p.3","action":"GetUpdates Response", "result":"Success", "context":Received 250 update(s). cV=E/iHZ4x/ZjGIGBKZoxFW/p.0;server=akswtt113000011;cloudType=Consumer;environment=Prod_eastus_prod-s01-056-nam-eastus;migrationStage=NotStarted Some updates remain.}
{"logTime": "0504/103059", "correlationVector":"bASFsfRbAnYFYamzBLUwV8","action":"Initial GetUpdates", "result":"", "context":Reason: NEWLY_SUPPORTED_DATATYPE. cV=bASFsfRbAnYFYamzBLUwV8}
{"logTime": "0504/103100", "correlationVector":"bASFsfRbAnYFYamzBLUwV8.1","action":"SyncServerConnectionManagerRequest", "result":"SYNC_SERVER_OK", "context":{"environment":"Prod_eastus_prod-s01-056-nam-eastus", "migrationStage":"NotStarted", "server":"akswtt11300000z"}}
{"logTime": "0504/103100", "correlationVector":"bASFsfRbAnYFYamzBLUwV8.2","action":"ProcessGetUpdates", "result":"Done", "context":{"dataType":"History", "deleted":"0", "process_failed_to_decrypt":"0", "process_pending_decryption":"0", "process_success":"250", "total":"250"}}
{"logTime": "0504/103100", "correlationVector":"bASFsfRbAnYFYamzBLUwV8.3","action":"GetUpdates Response", "result":"Success", "context":Received 250 update(s). cV=bASFsfRbAnYFYamzBLUwV8.0;server=akswtt11300000z;cloudType=Consumer;environment=Prod_eastus_prod-s01-056-nam-eastus;migrationStage=NotStarted Some updates remain.}
{"logTime": "0504/103100", "correlationVector":"RNed+hJuILqW11rHpumJaD","action":"Initial GetUpdates", "result":"", "context":Reason: NEWLY_SUPPORTED_DATATYPE. cV=RNed+hJuILqW11rHpumJaD}
{"logTime": "0504/103100", "correlationVector":"RNed+hJuILqW11rHpumJaD.1","action":"SyncServerConnectionManagerRequest", "result":"SYNC_SERVER_OK", "context":{"environment":"Prod_eastus_prod-s01-056-nam-eastus", "migrationStage":"NotStarted", "server":"akswtt113000003"}}
{"logTime": "0504/103100", "correlationVector":"RNed+hJuILqW11rHpumJaD.2","action":"ProcessGetUpdates", "result":"Done", "context":{"dataType":"History", "deleted":"0", "process_failed_to_decrypt":"0", "process_pending_decryption":"0", "process_success":"250", "total":"250"}}
{"logTime": "0504/103100", "correlationVector":"RNed+hJuILqW11rHpumJaD.3","action":"GetUpdates Response", "result":"Success", "context":Received 250 update(s). cV=RNed+hJuILqW11rHpumJaD.0;server=akswtt113000003;cloudType=Consumer;environment=Prod_eastus_prod-s01-056-nam-eastus;migrationStage=NotStarted Some updates remain.}
{"logTime": "0504/103100", "correlationVector":"g5ogfVqGO4FT86P0j0xfXs","action":"Initial GetUpdates", "result":"", "context":Reason: NEWLY_SUPPORTED_DATATYPE. cV=g5ogfVqGO4FT86P0j0xfXs}
{"logTime": "0504/103101", "correlationVector":"g5ogfVqGO4FT86P0j0xfXs.1","action":"SyncServerConnectionManagerRequest", "result":"SYNC_SERVER_OK", "context":{"environment":"Prod_eastus_prod-s01-056-nam-eastus", "migrationStage":"NotStarted", "server":"akswtt113000011"}}
{"logTime": "0504/103101", "correlationVector":"g5ogfVqGO4FT86P0j0xfXs.2","action":"ProcessGetUpdates", "result":"Done", "context":{"dataType":"History", "deleted":"0", "process_failed_to_decrypt":"0", "process_pending_decryption":"0", "process_success":"250", "total":"250"}}
{"logTime": "0504/103101", "correlationVector":"g5ogfVqGO4FT86P0j0xfXs.3","action":"GetUpdates Response", "result":"Success", "context":Received 250 update(s). cV=g5ogfVqGO4FT86P0j0xfXs.0;server=akswtt113000011;cloudType=Consumer;environment=Prod_eastus_prod-s01-056-nam-eastus;migrationStage=NotStarted Some updates remain.}
{"logTime": "0504/103101", "correlationVector":"9OVc+wg27Tp/IJ04h9jT0f","action":"Initial GetUpdates", "result":"", "context":Reason: NEWLY_SUPPORTED_DATATYPE. cV=9OVc+wg27Tp/IJ04h9jT0f}
{"logTime": "0504/103103", "correlationVector":"9OVc+wg27Tp/IJ04h9jT0f.1","action":"SyncServerConnectionManagerRequest", "result":"SYNC_SERVER_OK", "context":{"environment":"Prod_eastus_prod-s01-056-nam-eastus", "migrationStage":"NotStarted", "server":"akswtt11300000f"}}
{"logTime": "0504/103103", "correlationVector":"9OVc+wg27Tp/IJ04h9jT0f.2","action":"ProcessGetUpdates", "result":"Done", "context":{"dataType":"History", "deleted":"0", "process_failed_to_decrypt":"0", "process_pending_decryption":"0", "process_success":"250", "total":"250"}}
{"logTime": "0504/103103", "correlationVector":"9OVc+wg27Tp/IJ04h9jT0f.3","action":"GetUpdates Response", "result":"Success", "context":Received 250 update(s). cV=9OVc+wg27Tp/IJ04h9jT0f.0;server=akswtt11300000f;cloudType=Consumer;environment=Prod_eastus_prod-s01-056-nam-eastus;migrationStage=NotStarted Some updates remain.}
{"logTime": "0504/103103", "correlationVector":"wFiNsZnELKdJAh7vOtMOHq","action":"Initial GetUpdates", "result":"", "context":Reason: NEWLY_SUPPORTED_DATATYPE. cV=wFiNsZnELKdJAh7vOtMOHq}
{"logTime": "0504/103103", "correlationVector":"wFiNsZnELKdJAh7vOtMOHq.1","action":"SyncServerConnectionManagerRequest", "result":"SYNC_SERVER_OK", "context":{"environment":"Prod_eastus_prod-s01-056-nam-eastus", "migrationStage":"NotStarted", "server":"akswtt11300000z"}}
{"logTime": "0504/103103", "correlationVector":"wFiNsZnELKdJAh7vOtMOHq.2","action":"ProcessGetUpdates", "result":"Done", "context":{"dataType":"History", "deleted":"0", "process_failed_to_decrypt":"0", "process_pending_decryption":"0", "process_success":"250", "total":"250"}}
{"logTime": "0504/103103", "correlationVector":"wFiNsZnELKdJAh7vOtMOHq.3","action":"GetUpdates Response", "result":"Success", "context":Received 250 update(s). cV=wFiNsZnELKdJAh7vOtMOHq.0;server=akswtt11300000z;cloudType=Consumer;environment=Prod_eastus_prod-s01-056-nam-eastus;migrationStage=NotStarted Some updates remain.}
{"logTime": "0504/103103", "correlationVector":"9IhZE2oAB5gFoTYJnf6inr","action":"Initial GetUpdates", "result":"", "context":Reason: NEWLY_SUPPORTED_DATATYPE. cV=9IhZE2oAB5gFoTYJnf6inr}
{"logTime": "0504/103104", "correlationVector":"9IhZE2oAB5gFoTYJnf6inr.1","action":"SyncServerConnectionManagerRequest", "result":"SYNC_SERVER_OK", "context":{"environment":"Prod_eastus_prod-s01-056-nam-eastus", "migrationStage":"NotStarted", "server":"akswtt113000003"}}
{"logTime": "0504/103104", "correlationVector":"9IhZE2oAB5gFoTYJnf6inr.2","action":"ProcessGetUpdates", "result":"Done", "context":{"dataType":"History", "deleted":"0", "process_failed_to_decrypt":"0", "process_pending_decryption":"0", "process_success":"250", "total":"250"}}
{"logTime": "0504/103104", "correlationVector":"9IhZE2oAB5gFoTYJnf6inr.3","action":"GetUpdates Response", "result":"Success", "context":Received 250 update(s). cV=9IhZE2oAB5gFoTYJnf6inr.0;server=akswtt113000003;cloudType=Consumer;environment=Prod_eastus_prod-s01-056-nam-eastus;migrationStage=NotStarted Some updates remain.}
{"logTime": "0504/103104", "correlationVector":"ytLRBj3hAV3UIPUnd1NNDl","action":"Initial GetUpdates", "result":"", "context":Reason: NEWLY_SUPPORTED_DATATYPE. cV=ytLRBj3hAV3UIPUnd1NNDl}
{"logTime": "0504/103106", "correlationVector":"ytLRBj3hAV3UIPUnd1NNDl.1","action":"SyncServerConnectionManagerRequest", "result":"SYNC_SERVER_OK", "context":{"environment":"Prod_eastus_prod-s01-056-nam-eastus", "migrationStage":"NotStarted", "server":"akswtt113000011"}}
{"logTime": "0504/103106", "correlationVector":"ytLRBj3hAV3UIPUnd1NNDl.2","action":"ProcessGetUpdates", "result":"Done", "context":{"dataType":"History", "deleted":"0", "process_failed_to_decrypt":"0", "process_pending_decryption":"0", "process_success":"250", "total":"250"}}
{"logTime": "0504/103106", "correlationVector":"ytLRBj3hAV3UIPUnd1NNDl.3","action":"GetUpdates Response", "result":"Success", "context":Received 250 update(s). cV=ytLRBj3hAV3UIPUnd1NNDl.0;server=akswtt113000011;cloudType=Consumer;environment=Prod_eastus_prod-s01-056-nam-eastus;migrationStage=NotStarted Some updates remain.}
{"logTime": "0504/103106", "correlationVector":"vDY2wkJd5EGHAwz+A+7/CU","action":"Initial GetUpdates", "result":"", "context":Reason: NEWLY_SUPPORTED_DATATYPE. cV=vDY2wkJd5EGHAwz+A+7/CU}
{"logTime": "0504/103107", "correlationVector":"vDY2wkJd5EGHAwz+A+7/CU.1","action":"SyncServerConnectionManagerRequest", "result":"SYNC_SERVER_OK", "context":{"environment":"Prod_eastus_prod-s01-056-nam-eastus", "migrationStage":"NotStarted", "server":"akswtt11300000z"}}
{"logTime": "0504/103107", "correlationVector":"vDY2wkJd5EGHAwz+A+7/CU.2","action":"ProcessGetUpdates", "result":"Done", "context":{"dataType":"History", "deleted":"0", "process_failed_to_decrypt":"0", "process_pending_decryption":"0", "process_success":"250", "total":"250"}}
{"logTime": "0504/103107", "correlationVector":"vDY2wkJd5EGHAwz+A+7/CU.3","action":"GetUpdates Response", "result":"Success", "context":Received 250 update(s). cV=vDY2wkJd5EGHAwz+A+7/CU.0;server=akswtt11300000z;cloudType=Consumer;environment=Prod_eastus_prod-s01-056-nam-eastus;migrationStage=NotStarted Some updates remain.}
{"logTime": "0504/103107", "correlationVector":"GCoPb+s6Vl9vhCXKuK1Z7t","action":"Initial GetUpdates", "result":"", "context":Reason: NEWLY_SUPPORTED_DATATYPE. cV=GCoPb+s6Vl9vhCXKuK1Z7t}
{"logTime": "0504/103108", "correlationVector":"GCoPb+s6Vl9vhCXKuK1Z7t.1","action":"SyncServerConnectionManagerRequest", "result":"SYNC_SERVER_OK", "context":{"environment":"Prod_eastus_prod-s01-056-nam-eastus", "migrationStage":"NotStarted", "server":"akswtt113000003"}}
{"logTime": "0504/103108", "correlationVector":"GCoPb+s6Vl9vhCXKuK1Z7t.2","action":"ProcessGetUpdates", "result":"Done", "context":{"dataType":"History", "deleted":"0", "process_failed_to_decrypt":"0", "process_pending_decryption":"0", "process_success":"250", "total":"250"}}
{"logTime": "0504/103108", "correlationVector":"GCoPb+s6Vl9vhCXKuK1Z7t.3","action":"GetUpdates Response", "result":"Success", "context":Received 250 update(s). cV=GCoPb+s6Vl9vhCXKuK1Z7t.0;server=akswtt113000003;cloudType=Consumer;environment=Prod_eastus_prod-s01-056-nam-eastus;migrationStage=NotStarted Some updates remain.}
{"logTime": "0504/103108", "correlationVector":"jLks0epTCDbJMRL6nmHiwy","action":"Initial GetUpdates", "result":"", "context":Reason: NEWLY_SUPPORTED_DATATYPE. cV=jLks0epTCDbJMRL6nmHiwy}
{"logTime": "0504/103110", "correlationVector":"jLks0epTCDbJMRL6nmHiwy.1","action":"SyncServerConnectionManagerRequest", "result":"SYNC_SERVER_OK", "context":{"environment":"Prod_eastus_prod-s01-056-nam-eastus", "migrationStage":"NotStarted", "server":"akswtt113000011"}}
{"logTime": "0504/103110", "correlationVector":"jLks0epTCDbJMRL6nmHiwy.2","action":"ProcessGetUpdates", "result":"Done", "context":{"dataType":"History", "deleted":"0", "process_failed_to_decrypt":"0", "process_pending_decryption":"0", "process_success":"250", "total":"250"}}
{"logTime": "0504/103110", "correlationVector":"jLks0epTCDbJMRL6nmHiwy.3","action":"GetUpdates Response", "result":"Success", "context":Received 250 update(s). cV=jLks0epTCDbJMRL6nmHiwy.0;server=akswtt113000011;cloudType=Consumer;environment=Prod_eastus_prod-s01-056-nam-eastus;migrationStage=NotStarted Some updates remain.}
{"logTime": "0504/103110", "correlationVector":"rwHQeT+9+upNQM64zr4jsQ","action":"Initial GetUpdates", "result":"", "context":Reason: NEWLY_SUPPORTED_DATATYPE. cV=rwHQeT+9+upNQM64zr4jsQ}
{"logTime": "0504/103110", "correlationVector":"rwHQeT+9+upNQM64zr4jsQ.1","action":"SyncServerConnectionManagerRequest", "result":"SYNC_SERVER_OK", "context":{"environment":"Prod_eastus_prod-s01-056-nam-eastus", "migrationStage":"NotStarted", "server":"akswtt11300000z"}}
{"logTime": "0504/103110", "correlationVector":"rwHQeT+9+upNQM64zr4jsQ.2","action":"ProcessGetUpdates", "result":"Done", "context":{"dataType":"History", "deleted":"0", "process_failed_to_decrypt":"0", "process_pending_decryption":"0", "process_success":"250", "total":"250"}}
{"logTime": "0504/103110", "correlationVector":"rwHQeT+9+upNQM64zr4jsQ.3","action":"GetUpdates Response", "result":"Success", "context":Received 250 update(s). cV=rwHQeT+9+upNQM64zr4jsQ.0;server=akswtt11300000z;cloudType=Consumer;environment=Prod_eastus_prod-s01-056-nam-eastus;migrationStage=NotStarted Some updates remain.}
{"logTime": "0504/103110", "correlationVector":"ooNPFFoMBdDPchk8SQJz6p","action":"Initial GetUpdates", "result":"", "context":Reason: NEWLY_SUPPORTED_DATATYPE. cV=ooNPFFoMBdDPchk8SQJz6p}
{"logTime": "0504/103112", "correlationVector":"ooNPFFoMBdDPchk8SQJz6p.1","action":"SyncServerConnectionManagerRequest", "result":"SYNC_SERVER_OK", "context":{"environment":"Prod_eastus_prod-s01-056-nam-eastus", "migrationStage":"NotStarted", "server":"akswtt113000003"}}
{"logTime": "0504/103112", "correlationVector":"ooNPFFoMBdDPchk8SQJz6p.2","action":"ProcessGetUpdates", "result":"Done", "context":{"dataType":"History", "deleted":"0", "process_failed_to_decrypt":"0", "process_pending_decryption":"0", "process_success":"250", "total":"250"}}
{"logTime": "0504/103112", "correlationVector":"ooNPFFoMBdDPchk8SQJz6p.3","action":"GetUpdates Response", "result":"Success", "context":Received 250 update(s). cV=ooNPFFoMBdDPchk8SQJz6p.0;server=akswtt113000003;cloudType=Consumer;environment=Prod_eastus_prod-s01-056-nam-eastus;migrationStage=NotStarted Some updates remain.}
{"logTime": "0504/103112", "correlationVector":"yMGS/5dfwXphIePS4SXUNL","action":"Initial GetUpdates", "result":"", "context":Reason: NEWLY_SUPPORTED_DATATYPE. cV=yMGS/5dfwXphIePS4SXUNL}
{"logTime": "0504/103112", "correlationVector":"yMGS/5dfwXphIePS4SXUNL.1","action":"SyncServerConnectionManagerRequest", "result":"SYNC_SERVER_OK", "context":{"environment":"Prod_eastus_prod-s01-056-nam-eastus", "migrationStage":"NotStarted", "server":"akswtt113000011"}}
{"logTime": "0504/103112", "correlationVector":"yMGS/5dfwXphIePS4SXUNL.2","action":"ProcessGetUpdates", "result":"Done", "context":{"dataType":"History", "deleted":"0", "process_failed_to_decrypt":"0", "process_pending_decryption":"0", "process_success":"250", "total":"250"}}
{"logTime": "0504/103112", "correlationVector":"yMGS/5dfwXphIePS4SXUNL.3","action":"GetUpdates Response", "result":"Success", "context":Received 250 update(s). cV=yMGS/5dfwXphIePS4SXUNL.0;server=akswtt113000011;cloudType=Consumer;environment=Prod_eastus_prod-s01-056-nam-eastus;migrationStage=NotStarted Some updates remain.}
{"logTime": "0504/103112", "correlationVector":"EKd3XmkpN0LVxuMiomaXqq","action":"Initial GetUpdates", "result":"", "context":Reason: NEWLY_SUPPORTED_DATATYPE. cV=EKd3XmkpN0LVxuMiomaXqq}
{"logTime": "0504/103114", "correlationVector":"EKd3XmkpN0LVxuMiomaXqq.1","action":"SyncServerConnectionManagerRequest", "result":"SYNC_SERVER_OK", "context":{"environment":"Prod_eastus_prod-s01-056-nam-eastus", "migrationStage":"NotStarted", "server":"akswtt11300000z"}}
{"logTime": "0504/103114", "correlationVector":"EKd3XmkpN0LVxuMiomaXqq.2","action":"ProcessGetUpdates", "result":"Done", "context":{"dataType":"History", "deleted":"0", "process_failed_to_decrypt":"0", "process_pending_decryption":"0", "process_success":"250", "total":"250"}}
{"logTime": "0504/103114", "correlationVector":"EKd3XmkpN0LVxuMiomaXqq.3","action":"GetUpdates Response", "result":"Success", "context":Received 250 update(s). cV=EKd3XmkpN0LVxuMiomaXqq.0;server=akswtt11300000z;cloudType=Consumer;environment=Prod_eastus_prod-s01-056-nam-eastus;migrationStage=NotStarted Some updates remain.}
{"logTime": "0504/103114", "correlationVector":"3v3yUgc85KdHN7pBCLNZT3","action":"Initial GetUpdates", "result":"", "context":Reason: NEWLY_SUPPORTED_DATATYPE. cV=3v3yUgc85KdHN7pBCLNZT3}
{"logTime": "0504/103115", "correlationVector":"3v3yUgc85KdHN7pBCLNZT3.1","action":"SyncServerConnectionManagerRequest", "result":"SYNC_SERVER_OK", "context":{"environment":"Prod_eastus_prod-s01-056-nam-eastus", "migrationStage":"NotStarted", "server":"akswtt113000003"}}
{"logTime": "0504/103115", "correlationVector":"3v3yUgc85KdHN7pBCLNZT3.2","action":"ProcessGetUpdates", "result":"Done", "context":{"dataType":"History", "deleted":"0", "process_failed_to_decrypt":"0", "process_pending_decryption":"0", "process_success":"250", "total":"250"}}
{"logTime": "0504/103115", "correlationVector":"3v3yUgc85KdHN7pBCLNZT3.3","action":"GetUpdates Response", "result":"Success", "context":Received 250 update(s). cV=3v3yUgc85KdHN7pBCLNZT3.0;server=akswtt113000003;cloudType=Consumer;environment=Prod_eastus_prod-s01-056-nam-eastus;migrationStage=NotStarted Some updates remain.}
{"logTime": "0504/103115", "correlationVector":"ji0DBIiIid03fGRPbqcA1/","action":"Initial GetUpdates", "result":"", "context":Reason: NEWLY_SUPPORTED_DATATYPE. cV=ji0DBIiIid03fGRPbqcA1/}
{"logTime": "0504/103116", "correlationVector":"ji0DBIiIid03fGRPbqcA1/.1","action":"SyncServerConnectionManagerRequest", "result":"SYNC_SERVER_OK", "context":{"environment":"Prod_eastus_prod-s01-056-nam-eastus", "migrationStage":"NotStarted", "server":"akswtt11300000f"}}
{"logTime": "0504/103116", "correlationVector":"ji0DBIiIid03fGRPbqcA1/.2","action":"ProcessGetUpdates", "result":"Done", "context":{"dataType":"History", "deleted":"0", "process_failed_to_decrypt":"0", "process_pending_decryption":"0", "process_success":"250", "total":"250"}}
{"logTime": "0504/103116", "correlationVector":"ji0DBIiIid03fGRPbqcA1/.3","action":"GetUpdates Response", "result":"Success", "context":Received 250 update(s). cV=ji0DBIiIid03fGRPbqcA1/.0;server=akswtt11300000f;cloudType=Consumer;environment=Prod_eastus_prod-s01-056-nam-eastus;migrationStage=NotStarted Some updates remain.}
{"logTime": "0504/103116", "correlationVector":"flKFARPQumSErL3k2GPmJq","action":"Initial GetUpdates", "result":"", "context":Reason: NEWLY_SUPPORTED_DATATYPE. cV=flKFARPQumSErL3k2GPmJq}
{"logTime": "0504/103117", "correlationVector":"flKFARPQumSErL3k2GPmJq.1","action":"SyncServerConnectionManagerRequest", "result":"SYNC_SERVER_OK", "context":{"environment":"Prod_eastus_prod-s01-056-nam-eastus", "migrationStage":"NotStarted", "server":"akswtt113000011"}}
{"logTime": "0504/103117", "correlationVector":"flKFARPQumSErL3k2GPmJq.2","action":"ProcessGetUpdates", "result":"Done", "context":{"dataType":"History", "deleted":"0", "process_failed_to_decrypt":"0", "process_pending_decryption":"0", "process_success":"250", "total":"250"}}
{"logTime": "0504/103117", "correlationVector":"flKFARPQumSErL3k2GPmJq.3","action":"GetUpdates Response", "result":"Success", "context":Received 250 update(s). cV=flKFARPQumSErL3k2GPmJq.0;server=akswtt113000011;cloudType=Consumer;environment=Prod_eastus_prod-s01-056-nam-eastus;migrationStage=NotStarted Some updates remain.}
{"logTime": "0504/103117", "correlationVector":"ot8D2uBYfm+QWyhMeQyGqj","action":"Initial GetUpdates", "result":"", "context":Reason: NEWLY_SUPPORTED_DATATYPE. cV=ot8D2uBYfm+QWyhMeQyGqj}
{"logTime": "0504/103118", "correlationVector":"ot8D2uBYfm+QWyhMeQyGqj.1","action":"SyncServerConnectionManagerRequest", "result":"SYNC_SERVER_OK", "context":{"environment":"Prod_eastus_prod-s01-056-nam-eastus", "migrationStage":"NotStarted", "server":"akswtt11300000f"}}
{"logTime": "0504/103118", "correlationVector":"ot8D2uBYfm+QWyhMeQyGqj.2","action":"ProcessGetUpdates", "result":"Done", "context":{"dataType":"History", "deleted":"0", "process_failed_to_decrypt":"0", "process_pending_decryption":"0", "process_success":"250", "total":"250"}}
{"logTime": "0504/103118", "correlationVector":"ot8D2uBYfm+QWyhMeQyGqj.3","action":"GetUpdates Response", "result":"Success", "context":Received 250 update(s). cV=ot8D2uBYfm+QWyhMeQyGqj.0;server=akswtt11300000f;cloudType=Consumer;environment=Prod_eastus_prod-s01-056-nam-eastus;migrationStage=NotStarted Some updates remain.}
{"logTime": "0504/103118", "correlationVector":"ShWrNLMl/jr3Dtf/QEdh3H","action":"Initial GetUpdates", "result":"", "context":Reason: NEWLY_SUPPORTED_DATATYPE. cV=ShWrNLMl/jr3Dtf/QEdh3H}
{"logTime": "0504/103120", "correlationVector":"ShWrNLMl/jr3Dtf/QEdh3H.1","action":"SyncServerConnectionManagerRequest", "result":"SYNC_SERVER_OK", "context":{"environment":"Prod_eastus_prod-s01-056-nam-eastus", "migrationStage":"NotStarted", "server":"akswtt113000011"}}
{"logTime": "0504/103120", "correlationVector":"ShWrNLMl/jr3Dtf/QEdh3H.2","action":"ProcessGetUpdates", "result":"Done", "context":{"dataType":"History", "deleted":"0", "process_failed_to_decrypt":"0", "process_pending_decryption":"0", "process_success":"250", "total":"250"}}
{"logTime": "0504/103120", "correlationVector":"ShWrNLMl/jr3Dtf/QEdh3H.3","action":"GetUpdates Response", "result":"Success", "context":Received 250 update(s). cV=ShWrNLMl/jr3Dtf/QEdh3H.0;server=akswtt113000011;cloudType=Consumer;environment=Prod_eastus_prod-s01-056-nam-eastus;migrationStage=NotStarted Some updates remain.}
{"logTime": "0504/103120", "correlationVector":"OBKGVcr5cpwF4r1bXepm95","action":"Initial GetUpdates", "result":"", "context":Reason: NEWLY_SUPPORTED_DATATYPE. cV=OBKGVcr5cpwF4r1bXepm95}
{"logTime": "0504/103121", "correlationVector":"OBKGVcr5cpwF4r1bXepm95.1","action":"SyncServerConnectionManagerRequest", "result":"SYNC_SERVER_OK", "context":{"environment":"Prod_eastus_prod-s01-056-nam-eastus", "migrationStage":"NotStarted", "server":"akswtt11300000z"}}
{"logTime": "0504/103121", "correlationVector":"OBKGVcr5cpwF4r1bXepm95.2","action":"ProcessGetUpdates", "result":"Done", "context":{"dataType":"History", "deleted":"0", "process_failed_to_decrypt":"0", "process_pending_decryption":"0", "process_success":"250", "total":"250"}}
{"logTime": "0504/103121", "correlationVector":"OBKGVcr5cpwF4r1bXepm95.3","action":"GetUpdates Response", "result":"Success", "context":Received 250 update(s). cV=OBKGVcr5cpwF4r1bXepm95.0;server=akswtt11300000z;cloudType=Consumer;environment=Prod_eastus_prod-s01-056-nam-eastus;migrationStage=NotStarted Some updates remain.}
{"logTime": "0504/103121", "correlationVector":"xdh62Aq+15fhlIa1FdiqcQ","action":"Initial GetUpdates", "result":"", "context":Reason: NEWLY_SUPPORTED_DATATYPE. cV=xdh62Aq+15fhlIa1FdiqcQ}
{"logTime": "0504/103124", "correlationVector":"xdh62Aq+15fhlIa1FdiqcQ.1","action":"SyncServerConnectionManagerRequest", "result":"SYNC_SERVER_OK", "context":{"environment":"Prod_eastus_prod-s01-056-nam-eastus", "migrationStage":"NotStarted", "server":"akswtt113000003"}}
{"logTime": "0504/103124", "correlationVector":"xdh62Aq+15fhlIa1FdiqcQ.2","action":"ProcessGetUpdates", "result":"Done", "context":{"dataType":"History", "deleted":"0", "process_failed_to_decrypt":"0", "process_pending_decryption":"0", "process_success":"250", "total":"250"}}
{"logTime": "0504/103124", "correlationVector":"xdh62Aq+15fhlIa1FdiqcQ.3","action":"GetUpdates Response", "result":"Success", "context":Received 250 update(s). cV=xdh62Aq+15fhlIa1FdiqcQ.0;server=akswtt113000003;cloudType=Consumer;environment=Prod_eastus_prod-s01-056-nam-eastus;migrationStage=NotStarted Some updates remain.}
{"logTime": "0504/103124", "correlationVector":"li3ySKYraN1iFj6hpE94o9","action":"Initial GetUpdates", "result":"", "context":Reason: NEWLY_SUPPORTED_DATATYPE. cV=li3ySKYraN1iFj6hpE94o9}
{"logTime": "0504/103126", "correlationVector":"li3ySKYraN1iFj6hpE94o9.1","action":"SyncServerConnectionManagerRequest", "result":"SYNC_SERVER_OK", "context":{"environment":"Prod_eastus_prod-s01-056-nam-eastus", "migrationStage":"NotStarted", "server":"akswtt11300000f"}}
{"logTime": "0504/103126", "correlationVector":"li3ySKYraN1iFj6hpE94o9.2","action":"ProcessGetUpdates", "result":"Done", "context":{"dataType":"History", "deleted":"0", "process_failed_to_decrypt":"0", "process_pending_decryption":"0", "process_success":"250", "total":"250"}}
{"logTime": "0504/103126", "correlationVector":"li3ySKYraN1iFj6hpE94o9.3","action":"GetUpdates Response", "result":"Success", "context":Received 250 update(s). cV=li3ySKYraN1iFj6hpE94o9.0;server=akswtt11300000f;cloudType=Consumer;environment=Prod_eastus_prod-s01-056-nam-eastus;migrationStage=NotStarted Some updates remain.}
{"logTime": "0504/103126", "correlationVector":"1YikGTmmjaNP2WDA2q0KzB","action":"Initial GetUpdates", "result":"", "context":Reason: NEWLY_SUPPORTED_DATATYPE. cV=1YikGTmmjaNP2WDA2q0KzB}
{"logTime": "0504/103129", "correlationVector":"1YikGTmmjaNP2WDA2q0KzB.1","action":"SyncServerConnectionManagerRequest", "result":"SYNC_SERVER_OK", "context":{"environment":"Prod_eastus_prod-s01-056-nam-eastus", "migrationStage":"NotStarted", "server":"akswtt113000003"}}
{"logTime": "0504/103129", "correlationVector":"1YikGTmmjaNP2WDA2q0KzB.2","action":"ProcessGetUpdates", "result":"Done", "context":{"dataType":"History", "deleted":"0", "process_failed_to_decrypt":"0", "process_pending_decryption":"0", "process_success":"250", "total":"250"}}
{"logTime": "0504/103129", "correlationVector":"1YikGTmmjaNP2WDA2q0KzB.3","action":"GetUpdates Response", "result":"Success", "context":Received 250 update(s). cV=1YikGTmmjaNP2WDA2q0KzB.0;server=akswtt113000003;cloudType=Consumer;environment=Prod_eastus_prod-s01-056-nam-eastus;migrationStage=NotStarted Some updates remain.}
{"logTime": "0504/103129", "correlationVector":"pgPBar5QUeBIiT3rr7sFY9","action":"Initial GetUpdates", "result":"", "context":Reason: NEWLY_SUPPORTED_DATATYPE. cV=pgPBar5QUeBIiT3rr7sFY9}
{"logTime": "0504/103130", "correlationVector":"pgPBar5QUeBIiT3rr7sFY9.1","action":"SyncServerConnectionManagerRequest", "result":"SYNC_SERVER_OK", "context":{"environment":"Prod_eastus_prod-s01-056-nam-eastus", "migrationStage":"NotStarted", "server":"akswtt11300000z"}}
{"logTime": "0504/103130", "correlationVector":"pgPBar5QUeBIiT3rr7sFY9.2","action":"ProcessGetUpdates", "result":"Done", "context":{"dataType":"History", "deleted":"0", "process_failed_to_decrypt":"0", "process_pending_decryption":"0", "process_success":"250", "total":"250"}}
{"logTime": "0504/103130", "correlationVector":"pgPBar5QUeBIiT3rr7sFY9.3","action":"GetUpdates Response", "result":"Success", "context":Received 250 update(s). cV=pgPBar5QUeBIiT3rr7sFY9.0;server=akswtt11300000z;cloudType=Consumer;environment=Prod_eastus_prod-s01-056-nam-eastus;migrationStage=NotStarted Some updates remain.}
{"logTime": "0504/103130", "correlationVector":"wPjY6qyfwRC2jy0w6ib/NX","action":"Initial GetUpdates", "result":"", "context":Reason: NEWLY_SUPPORTED_DATATYPE. cV=wPjY6qyfwRC2jy0w6ib/NX}
{"logTime": "0504/103131", "correlationVector":"wPjY6qyfwRC2jy0w6ib/NX.1","action":"SyncServerConnectionManagerRequest", "result":"SYNC_SERVER_OK", "context":{"environment":"Prod_eastus_prod-s01-056-nam-eastus", "migrationStage":"NotStarted", "server":"akswtt113000003"}}
{"logTime": "0504/103131", "correlationVector":"wPjY6qyfwRC2jy0w6ib/NX.2","action":"ProcessGetUpdates", "result":"Done", "context":{"dataType":"History", "deleted":"0", "process_failed_to_decrypt":"0", "process_pending_decryption":"0", "process_success":"250", "total":"250"}}
{"logTime": "0504/103131", "correlationVector":"wPjY6qyfwRC2jy0w6ib/NX.3","action":"GetUpdates Response", "result":"Success", "context":Received 250 update(s). cV=wPjY6qyfwRC2jy0w6ib/NX.0;server=akswtt113000003;cloudType=Consumer;environment=Prod_eastus_prod-s01-056-nam-eastus;migrationStage=NotStarted Some updates remain.}
{"logTime": "0504/103131", "correlationVector":"Gjo1zc76AsbPHQd0tlATSq","action":"Initial GetUpdates", "result":"", "context":Reason: NEWLY_SUPPORTED_DATATYPE. cV=Gjo1zc76AsbPHQd0tlATSq}
{"logTime": "0504/103131", "correlationVector":"Gjo1zc76AsbPHQd0tlATSq.1","action":"SyncServerConnectionManagerRequest", "result":"SYNC_SERVER_OK", "context":{"environment":"Prod_eastus_prod-s01-056-nam-eastus", "migrationStage":"NotStarted", "server":"akswtt113000011"}}
{"logTime": "0504/103131", "correlationVector":"Gjo1zc76AsbPHQd0tlATSq.2","action":"ProcessGetUpdates", "result":"Done", "context":{"dataType":"History", "deleted":"0", "process_failed_to_decrypt":"0", "process_pending_decryption":"0", "process_success":"54", "total":"54"}}
{"logTime": "0504/103131", "correlationVector":"Gjo1zc76AsbPHQd0tlATSq.3","action":"GetUpdates Response", "result":"Success", "context":Received 54 update(s). cV=Gjo1zc76AsbPHQd0tlATSq.0;server=akswtt113000011;cloudType=Consumer;environment=Prod_eastus_prod-s01-056-nam-eastus;migrationStage=NotStarted}
{"logTime": "0504/103131", "correlationVector":"63NKqyq7p2ilBrQ/FyrO9Q","action":"Normal GetUpdate request", "result":"", "context":cV=63NKqyq7p2ilBrQ/FyrO9Q
Nudged types: Passwords, Sessions, Device Info, User Consents, History
Refresh requested types: Bookmarks, Preferences, Passwords, Autofill Profiles, Autofill, Extensions, Sessions, Extension settings, History Delete Directives, Device Info, User Consents, Send Tab To Self, Web Apps, History, Saved Tab Group, WebAuthn Credentials, Collection, Edge E Drop, Edge Hub App Usage, Edge Wallet, Edge Workspace, Encryption Keys}
{"logTime": "0504/103132", "correlationVector":"63NKqyq7p2ilBrQ/FyrO9Q.1","action":"SyncServerConnectionManagerRequest", "result":"SYNC_SERVER_OK", "context":{"environment":"Prod_eastus_prod-s01-056-nam-eastus", "migrationStage":"NotStarted", "server":"akswtt113000003"}}
{"logTime": "0504/103132", "correlationVector":"63NKqyq7p2ilBrQ/FyrO9Q.2","action":"GetUpdates Response", "result":"Success", "context":Received 0 update(s). cV=63NKqyq7p2ilBrQ/FyrO9Q.0;server=akswtt113000003;cloudType=Consumer;environment=Prod_eastus_prod-s01-056-nam-eastus;migrationStage=NotStarted}
{"logTime": "0504/103132", "correlationVector":"w2K6ltWCJaV4jCM4bslv0F","action":"Commit Request", "result":"", "context":Item count: 40
Contributing types: Passwords}
{"logTime": "0504/103134", "correlationVector":"w2K6ltWCJaV4jCM4bslv0F.1","action":"SyncServerConnectionManagerRequest", "result":"SYNC_SERVER_OK", "context":{"environment":"Prod_eastus_prod-s01-056-nam-eastus", "migrationStage":"NotStarted", "server":"akswtt11300000f"}}
{"logTime": "0504/103134", "correlationVector":"1XBS5yDJmiyC/QPO++PG4/","action":"SyncServerConnectionManagerRequest", "result":"CONNECTION_UNAVAILABLE", "context":{"error_type":"net_error_code", "error_value":"-3"}}
{"logTime": "0504/182134", "correlationVector":"k8khW+EFyDjxPn0SEr33E1.1","action":"SyncServerConnectionManagerRequest", "result":"SYNC_SERVER_OK", "context":{"environment":"Prod_eastus2_prod-s01-050-nam-eastus2", "migrationStage":"NotStarted", "server":"akswtt113000002"}}
{"logTime": "0504/182134", "correlationVector":"k8khW+EFyDjxPn0SEr33E1.2","action":"ProcessGetUpdates", "result":"Done", "context":{"dataType":"Encryption Keys", "deleted":"0", "process_failed_to_decrypt":"0", "process_pending_decryption":"0", "process_success":"1", "total":"1"}}
{"logTime": "0504/182134", "correlationVector":"qO4sfwTmFOu3ya2Zyh4NXD","action":"SyncServerConnectionManagerRequest", "result":"SYNC_SERVER_OK", "context":{"environment":"", "migrationStage":"", "server":""}}
{"logTime": "0504/182134", "correlationVector":"qO4sfwTmFOu3ya2Zyh4NXD.0","action":"EncryptionKeysFetcher.DownloadKeys:", "result":"Success", "context":Key count: 10, Last key timestamp: 2026-05-01T12:02:11Z}
{"logTime": "0504/182134", "correlationVector":"qO4sfwTmFOu3ya2Zyh4NXD.1","action":"EncryptionKeysManager::SetEncryptionKeys:", "result":"Success", "context":Key names[10]:[NZWpny21sZJxfI6iwKvTOAWeacTro+xEX1CC4tnfqjeqq5tUiGHd9iUM/h1lmgup6xb+fZVlkjtbr0xzqCAIeQ==][qvmrLArkIaUyWDkANk77Tft7yZOYrmIvTbzDEhKJdf2Rz+bHbIz6UhIpU2E9GoSRb988DBBkgwyP4paxRRlowA==][92OgVQrqbqFwF0ITnYKhJuwwkLc2tv5zFOryW+pJEtIfr6ftS6aZIoy2wmrfq7+8Yln8lnUIkWw9cbWcUCLuVA==][dTyNIGU7DKqF3hC5Cmw3rtUEZmY3D8EDV87ZR2BD0u8AqCIfafgEUYTCUfY9LtdgSlmMh0jOfCsM9wKJ7BotwA==][t2HF3ru5Bg1L0smdhCW5CWgWGMcrw9O6IA6ts1aGNyCUmdjNT8PBMfhZABZLRsN4U4emqKGtMd6DBB0lR7/YCA==][65Ddfh3AuffCA86VctHGVB/44eM+X58n14OAV/OhDlTonUqot31E279xSk2Oi0smzzyIfybBlerqG/Pljal87Q==][IBHnYCUEoCA8MYxAukTFTIv6ehSgwZ1/vaOkctNuwcAd8qTyXSpW0nJD0i14plpBOs0RLWzD7t2RT1A3u7uImw==][qafFwY/0WeNrcHHJ7TzA+FCb1Ffw6TnM6B+BF0eggksROpg6dYbbLiD7TCsR1zYdCGmVoS91OLqkDGpH4n/u5Q==][dkgDjWsBAvwDGrQ+YOw7+GOw1AsZ+kiG+7P8GQog9GzXT2vOlQlW619zzQ8SLlmboNhKd9FoDXdXHnr+oY49Ww==][UimumALj9Kr49e93LH8PD+gc6R7gyxwNytE0Csbjo6A0vhjeWd80gtLmaHQiMhnT5ZfnVxB3+wyFaHzHvfpJOg==]}
{"logTime": "0504/182134", "correlationVector":"qO4sfwTmFOu3ya2Zyh4NXD.2","action":"EncryptionKeysManager::SetEncryptionKeysWithTimestamps:", "result":"Success", "context":Key timestamps[10]:[2023-01-12T00:45:15Z][2023-06-25T19:42:09Z][2023-12-23T01:01:25Z][2024-06-20T12:20:38Z][2024-09-22T00:09:53Z][2025-03-21T11:48:28Z][2025-04-02T01:29:09Z][2025-05-05T12:58:05Z][2025-11-01T13:25:54Z][2026-05-01T12:02:11Z]}
{"logTime": "0504/182134", "correlationVector":"k8khW+EFyDjxPn0SEr33E1","action":"Initial GetUpdates", "result":"", "context":Reason: NEW_CLIENT. cV=k8khW+EFyDjxPn0SEr33E1}
{"logTime": "0504/182134", "correlationVector":"k8khW+EFyDjxPn0SEr33E1.3","action":"GetUpdates Response", "result":"Success", "context":Received 1 update(s). cV=k8khW+EFyDjxPn0SEr33E1.0;server=akswtt113000002;cloudType=Consumer;environment=Prod_eastus2_prod-s01-050-nam-eastus2;migrationStage=NotStarted}
{"logTime": "0504/182134", "correlationVector":"wOE+h2oMTXo1qxAtSI7Qf1","action":"Initial GetUpdates", "result":"", "context":Reason: NEWLY_SUPPORTED_DATATYPE. cV=wOE+h2oMTXo1qxAtSI7Qf1}
{"logTime": "0504/182136", "correlationVector":"wOE+h2oMTXo1qxAtSI7Qf1.1","action":"SyncServerConnectionManagerRequest", "result":"SYNC_SERVER_OK", "context":{"environment":"Prod_eastus2_prod-s01-050-nam-eastus2", "migrationStage":"NotStarted", "server":"akswtt113000003"}}
{"logTime": "0504/182136", "correlationVector":"wOE+h2oMTXo1qxAtSI7Qf1.2","action":"ProcessGetUpdates", "result":"Done", "context":{"dataType":"Passwords", "deleted":"2", "process_failed_to_decrypt":"0", "process_pending_decryption":"0", "process_success":"250", "total":"250"}}
{"logTime": "0504/182136", "correlationVector":"wOE+h2oMTXo1qxAtSI7Qf1.3","action":"GetUpdates Response", "result":"Success", "context":Received 250 update(s). cV=wOE+h2oMTXo1qxAtSI7Qf1.0;server=akswtt113000003;cloudType=Consumer;environment=Prod_eastus2_prod-s01-050-nam-eastus2;migrationStage=NotStarted Some updates remain.}
{"logTime": "0504/182136", "correlationVector":"q/6ohYYJWqWoj8t+CZNaOM","action":"Initial GetUpdates", "result":"", "context":Reason: NEWLY_SUPPORTED_DATATYPE. cV=q/6ohYYJWqWoj8t+CZNaOM}
{"logTime": "0504/182136", "correlationVector":"q/6ohYYJWqWoj8t+CZNaOM.1","action":"SyncServerConnectionManagerRequest", "result":"SYNC_SERVER_OK", "context":{"environment":"Prod_eastus2_prod-s01-050-nam-eastus2", "migrationStage":"NotStarted", "server":"akswtt11300001s"}}
{"logTime": "0504/182136", "correlationVector":"q/6ohYYJWqWoj8t+CZNaOM.2","action":"ProcessGetUpdates", "result":"Done", "context":{"dataType":"Passwords", "deleted":"0", "process_failed_to_decrypt":"0", "process_pending_decryption":"0", "process_success":"6", "total":"6"}}
{"logTime": "0504/182136", "correlationVector":"q/6ohYYJWqWoj8t+CZNaOM.3","action":"GetUpdates Response", "result":"Success", "context":Received 6 update(s). cV=q/6ohYYJWqWoj8t+CZNaOM.0;server=akswtt11300001s;cloudType=Consumer;environment=Prod_eastus2_prod-s01-050-nam-eastus2;migrationStage=NotStarted}
{"logTime": "0504/182136", "correlationVector":"zquw3BJaVXhNiqBL6/3TXZ","action":"Normal GetUpdate request", "result":"", "context":cV=zquw3BJaVXhNiqBL6/3TXZ
Nudged types: Sessions, Device Info, User Consents, History
Refresh requested types: Bookmarks, Preferences, Passwords, Autofill Profiles, Autofill, Extensions, Sessions, Extension settings, History Delete Directives, Device Info, User Consents, Send Tab To Self, Web Apps, History, Saved Tab Group, WebAuthn Credentials, Collection, Edge E Drop, Edge Hub App Usage, Edge Wallet, Edge Workspace, Encryption Keys}
{"logTime": "0504/182137", "correlationVector":"zquw3BJaVXhNiqBL6/3TXZ.1","action":"SyncServerConnectionManagerRequest", "result":"SYNC_SERVER_OK", "context":{"environment":"Prod_eastus2_prod-s01-050-nam-eastus2", "migrationStage":"NotStarted", "server":"akswtt11300001s"}}
{"logTime": "0504/182137", "correlationVector":"zquw3BJaVXhNiqBL6/3TXZ.2","action":"ProcessGetUpdates", "result":"Done", "context":{"dataType":"Bookmarks", "deleted":"0", "process_failed_to_decrypt":"0", "process_pending_decryption":"0", "process_success":"2", "total":"2"}}
{"logTime": "0504/182137", "correlationVector":"zquw3BJaVXhNiqBL6/3TXZ.3","action":"ProcessGetUpdates", "result":"Done", "context":{"dataType":"Preferences", "deleted":"0", "process_failed_to_decrypt":"0", "process_pending_decryption":"0", "process_success":"5", "total":"5"}}
{"logTime": "0504/182137", "correlationVector":"zquw3BJaVXhNiqBL6/3TXZ.4","action":"ProcessGetUpdates", "result":"Done", "context":{"dataType":"Sessions", "deleted":"15", "process_failed_to_decrypt":"0", "process_pending_decryption":"0", "process_success":"19", "total":"19"}}
{"logTime": "0504/182137", "correlationVector":"zquw3BJaVXhNiqBL6/3TXZ.5","action":"ProcessGetUpdates", "result":"Done", "context":{"dataType":"Device Info", "deleted":"0", "process_failed_to_decrypt":"0", "process_pending_decryption":"0", "process_success":"1", "total":"1"}}
{"logTime": "0504/182137", "correlationVector":"zquw3BJaVXhNiqBL6/3TXZ.6","action":"ProcessGetUpdates", "result":"Done", "context":{"dataType":"History", "deleted":"0", "process_failed_to_decrypt":"0", "process_pending_decryption":"0", "process_success":"76", "total":"76"}}
{"logTime": "0504/182137", "correlationVector":"zquw3BJaVXhNiqBL6/3TXZ.7","action":"GetUpdates Response", "result":"Success", "context":Received 103 update(s). cV=zquw3BJaVXhNiqBL6/3TXZ.0;server=akswtt11300001s;cloudType=Consumer;environment=Prod_eastus2_prod-s01-050-nam-eastus2;migrationStage=NotStarted}
{"logTime": "0504/182140", "correlationVector":"IeNM1aWA/qHzzQHz5vHC1d","action":"Commit Request", "result":"", "context":Item count: 7
Contributing types: Sessions, Device Info, User Consents, History}
{"logTime": "0504/182141", "correlationVector":"IeNM1aWA/qHzzQHz5vHC1d.1","action":"SyncServerConnectionManagerRequest", "result":"SYNC_SERVER_OK", "context":{"environment":"Prod_eastus2_prod-s01-050-nam-eastus2", "migrationStage":"NotStarted", "server":"akswtt113000005"}}
{"logTime": "0504/182141", "correlationVector":"IeNM1aWA/qHzzQHz5vHC1d.2","action":"Commit Response", "result":"Success", "context":Result: Success. cV=IeNM1aWA/qHzzQHz5vHC1d.0;server=akswtt113000005;cloudType=Consumer;environment=Prod_eastus2_prod-s01-050-nam-eastus2;migrationStage=NotStarted}
{"logTime": "0504/182200", "correlationVector":"gl/bFiz19fj3THw/RlUFxy","action":"Commit Request", "result":"", "context":Item count: 40
Contributing types: Passwords}
{"logTime": "0504/182202", "correlationVector":"gl/bFiz19fj3THw/RlUFxy","action":"SyncServerConnectionManagerRequest", "result":"CONNECTION_UNAVAILABLE", "context":{"error_type":"net_error_code", "error_value":"-3"}}
{"logTime": "0504/182307", "correlationVector":"qfhK0qRA6wd8A9UD11Xtql.1","action":"SyncServerConnectionManagerRequest", "result":"SYNC_SERVER_OK", "context":{"environment":"Prod_eastus_prod-s01-056-nam-eastus", "migrationStage":"NotStarted", "server":"akswtt11300000f"}}
{"logTime": "0504/182307", "correlationVector":"qfhK0qRA6wd8A9UD11Xtql.2","action":"ProcessGetUpdates", "result":"Done", "context":{"dataType":"Encryption Keys", "deleted":"0", "process_failed_to_decrypt":"0", "process_pending_decryption":"0", "process_success":"1", "total":"1"}}
{"logTime": "0504/182308", "correlationVector":"OTu6S4Ua9Q43BUIzDQkMOl","action":"SyncServerConnectionManagerRequest", "result":"SYNC_SERVER_OK", "context":{"environment":"", "migrationStage":"", "server":""}}
{"logTime": "0504/182308", "correlationVector":"OTu6S4Ua9Q43BUIzDQkMOl.0","action":"EncryptionKeysFetcher.DownloadKeys:", "result":"Success", "context":Key count: 10, Last key timestamp: 2026-05-01T12:02:11Z}
{"logTime": "0504/182308", "correlationVector":"OTu6S4Ua9Q43BUIzDQkMOl.1","action":"EncryptionKeysManager::SetEncryptionKeys:", "result":"Success", "context":Key names[10]:[NZWpny21sZJxfI6iwKvTOAWeacTro+xEX1CC4tnfqjeqq5tUiGHd9iUM/h1lmgup6xb+fZVlkjtbr0xzqCAIeQ==][qvmrLArkIaUyWDkANk77Tft7yZOYrmIvTbzDEhKJdf2Rz+bHbIz6UhIpU2E9GoSRb988DBBkgwyP4paxRRlowA==][92OgVQrqbqFwF0ITnYKhJuwwkLc2tv5zFOryW+pJEtIfr6ftS6aZIoy2wmrfq7+8Yln8lnUIkWw9cbWcUCLuVA==][dTyNIGU7DKqF3hC5Cmw3rtUEZmY3D8EDV87ZR2BD0u8AqCIfafgEUYTCUfY9LtdgSlmMh0jOfCsM9wKJ7BotwA==][t2HF3ru5Bg1L0smdhCW5CWgWGMcrw9O6IA6ts1aGNyCUmdjNT8PBMfhZABZLRsN4U4emqKGtMd6DBB0lR7/YCA==][65Ddfh3AuffCA86VctHGVB/44eM+X58n14OAV/OhDlTonUqot31E279xSk2Oi0smzzyIfybBlerqG/Pljal87Q==][IBHnYCUEoCA8MYxAukTFTIv6ehSgwZ1/vaOkctNuwcAd8qTyXSpW0nJD0i14plpBOs0RLWzD7t2RT1A3u7uImw==][qafFwY/0WeNrcHHJ7TzA+FCb1Ffw6TnM6B+BF0eggksROpg6dYbbLiD7TCsR1zYdCGmVoS91OLqkDGpH4n/u5Q==][dkgDjWsBAvwDGrQ+YOw7+GOw1AsZ+kiG+7P8GQog9GzXT2vOlQlW619zzQ8SLlmboNhKd9FoDXdXHnr+oY49Ww==][UimumALj9Kr49e93LH8PD+gc6R7gyxwNytE0Csbjo6A0vhjeWd80gtLmaHQiMhnT5ZfnVxB3+wyFaHzHvfpJOg==]}
{"logTime": "0504/182308", "correlationVector":"OTu6S4Ua9Q43BUIzDQkMOl.2","action":"EncryptionKeysManager::SetEncryptionKeysWithTimestamps:", "result":"Success", "context":Key timestamps[10]:[2023-01-12T00:45:15Z][2023-06-25T19:42:09Z][2023-12-23T01:01:25Z][2024-06-20T12:20:38Z][2024-09-22T00:09:53Z][2025-03-21T11:48:28Z][2025-04-02T01:29:09Z][2025-05-05T12:58:05Z][2025-11-01T13:25:54Z][2026-05-01T12:02:11Z]}
{"logTime": "0504/182308", "correlationVector":"qfhK0qRA6wd8A9UD11Xtql","action":"Initial GetUpdates", "result":"", "context":Reason: NEW_CLIENT. cV=qfhK0qRA6wd8A9UD11Xtql}
{"logTime": "0504/182308", "correlationVector":"qfhK0qRA6wd8A9UD11Xtql.3","action":"GetUpdates Response", "result":"Success", "context":Received 1 update(s). cV=qfhK0qRA6wd8A9UD11Xtql.0;server=akswtt11300000f;cloudType=Consumer;environment=Prod_eastus_prod-s01-056-nam-eastus;migrationStage=NotStarted}
{"logTime": "0504/182308", "correlationVector":"6mOIlZCGVcuvNSwLjkq096","action":"Initial GetUpdates", "result":"", "context":Reason: NEWLY_SUPPORTED_DATATYPE. cV=6mOIlZCGVcuvNSwLjkq096}
{"logTime": "0504/182310", "correlationVector":"6mOIlZCGVcuvNSwLjkq096.1","action":"SyncServerConnectionManagerRequest", "result":"SYNC_SERVER_OK", "context":{"environment":"Prod_eastus2_prod-s01-050-nam-eastus2", "migrationStage":"NotStarted", "server":"akswtt11300000h"}}
{"logTime": "0504/182310", "correlationVector":"6mOIlZCGVcuvNSwLjkq096.2","action":"ProcessGetUpdates", "result":"Done", "context":{"dataType":"Preferences", "deleted":"1", "process_failed_to_decrypt":"0", "process_pending_decryption":"0", "process_success":"126", "total":"126"}}
{"logTime": "0504/182310", "correlationVector":"6mOIlZCGVcuvNSwLjkq096.3","action":"ProcessGetUpdates", "result":"Done", "context":{"dataType":"Passwords", "deleted":"2", "process_failed_to_decrypt":"0", "process_pending_decryption":"0", "process_success":"78", "total":"78"}}
{"logTime": "0504/182310", "correlationVector":"6mOIlZCGVcuvNSwLjkq096.4","action":"ProcessGetUpdates", "result":"Done", "context":{"dataType":"Device Info", "deleted":"0", "process_failed_to_decrypt":"0", "process_pending_decryption":"0", "process_success":"46", "total":"46"}}
{"logTime": "0504/182310", "correlationVector":"6mOIlZCGVcuvNSwLjkq096.5","action":"GetUpdates Response", "result":"Success", "context":Received 250 update(s). cV=6mOIlZCGVcuvNSwLjkq096.0;server=akswtt11300000h;cloudType=Consumer;environment=Prod_eastus2_prod-s01-050-nam-eastus2;migrationStage=NotStarted Some updates remain.}
{"logTime": "0504/182310", "correlationVector":"YPhWjcVzFWXUlwjcDX+cO9","action":"Initial GetUpdates", "result":"", "context":Reason: NEWLY_SUPPORTED_DATATYPE. cV=YPhWjcVzFWXUlwjcDX+cO9}
{"logTime": "0504/182311", "correlationVector":"YPhWjcVzFWXUlwjcDX+cO9.1","action":"SyncServerConnectionManagerRequest", "result":"SYNC_SERVER_OK", "context":{"environment":"Prod_eastus2_prod-s01-050-nam-eastus2", "migrationStage":"NotStarted", "server":"akswtt113000008"}}
{"logTime": "0504/182311", "correlationVector":"YPhWjcVzFWXUlwjcDX+cO9.2","action":"ProcessGetUpdates", "result":"Done", "context":{"dataType":"Preferences", "deleted":"0", "process_failed_to_decrypt":"0", "process_pending_decryption":"0", "process_success":"7", "total":"7"}}
{"logTime": "0504/182311", "correlationVector":"YPhWjcVzFWXUlwjcDX+cO9.3","action":"ProcessGetUpdates", "result":"Done", "context":{"dataType":"Passwords", "deleted":"0", "process_failed_to_decrypt":"0", "process_pending_decryption":"0", "process_success":"178", "total":"178"}}
{"logTime": "0504/182311", "correlationVector":"YPhWjcVzFWXUlwjcDX+cO9.4","action":"ProcessGetUpdates", "result":"Done", "context":{"dataType":"Device Info", "deleted":"0", "process_failed_to_decrypt":"0", "process_pending_decryption":"0", "process_success":"4", "total":"4"}}
{"logTime": "0504/182311", "correlationVector":"YPhWjcVzFWXUlwjcDX+cO9.5","action":"GetUpdates Response", "result":"Success", "context":Received 189 update(s). cV=YPhWjcVzFWXUlwjcDX+cO9.0;server=akswtt113000008;cloudType=Consumer;environment=Prod_eastus2_prod-s01-050-nam-eastus2;migrationStage=NotStarted}
{"logTime": "0504/182311", "correlationVector":"3Z/9XYwK5mEupm7usoSapk","action":"Initial GetUpdates", "result":"", "context":Reason: NEWLY_SUPPORTED_DATATYPE. cV=3Z/9XYwK5mEupm7usoSapk}
{"logTime": "0504/182312", "correlationVector":"3Z/9XYwK5mEupm7usoSapk.1","action":"SyncServerConnectionManagerRequest", "result":"SYNC_SERVER_OK", "context":{"environment":"Prod_eastus2_prod-s01-050-nam-eastus2", "migrationStage":"NotStarted", "server":"akswtt11300000x"}}
{"logTime": "0504/182312", "correlationVector":"3Z/9XYwK5mEupm7usoSapk.2","action":"ProcessGetUpdates", "result":"Done", "context":{"dataType":"Bookmarks", "deleted":"1", "process_failed_to_decrypt":"0", "process_pending_decryption":"0", "process_success":"116", "total":"116"}}
{"logTime": "0504/182312", "correlationVector":"3Z/9XYwK5mEupm7usoSapk.3","action":"GetUpdates Response", "result":"Success", "context":Received 116 update(s). cV=3Z/9XYwK5mEupm7usoSapk.0;server=akswtt11300000x;cloudType=Consumer;environment=Prod_eastus2_prod-s01-050-nam-eastus2;migrationStage=NotStarted}
{"logTime": "0504/182312", "correlationVector":"ygtd0q1gBsIWxR20vZe9d4","action":"Initial GetUpdates", "result":"", "context":Reason: NEWLY_SUPPORTED_DATATYPE. cV=ygtd0q1gBsIWxR20vZe9d4}
{"logTime": "0504/182312", "correlationVector":"ygtd0q1gBsIWxR20vZe9d4.1","action":"SyncServerConnectionManagerRequest", "result":"SYNC_SERVER_OK", "context":{"environment":"Prod_eastus_prod-s01-056-nam-eastus", "migrationStage":"NotStarted", "server":"akswtt113000001"}}
{"logTime": "0504/182312", "correlationVector":"ygtd0q1gBsIWxR20vZe9d4.2","action":"ProcessGetUpdates", "result":"Done", "context":{"dataType":"Autofill Profiles", "deleted":"0", "process_failed_to_decrypt":"0", "process_pending_decryption":"0", "process_success":"1", "total":"1"}}
{"logTime": "0504/182312", "correlationVector":"ygtd0q1gBsIWxR20vZe9d4.3","action":"ProcessGetUpdates", "result":"Done", "context":{"dataType":"Autofill", "deleted":"0", "process_failed_to_decrypt":"0", "process_pending_decryption":"0", "process_success":"217", "total":"217"}}
{"logTime": "0504/182312", "correlationVector":"ygtd0q1gBsIWxR20vZe9d4.4","action":"ProcessGetUpdates", "result":"Done", "context":{"dataType":"Extensions", "deleted":"0", "process_failed_to_decrypt":"0", "process_pending_decryption":"0", "process_success":"2", "total":"2"}}
{"logTime": "0504/182312", "correlationVector":"ygtd0q1gBsIWxR20vZe9d4.5","action":"ProcessGetUpdates", "result":"Done", "context":{"dataType":"Extension settings", "deleted":"0", "process_failed_to_decrypt":"0", "process_pending_decryption":"0", "process_success":"4", "total":"4"}}
{"logTime": "0504/182312", "correlationVector":"ygtd0q1gBsIWxR20vZe9d4.6","action":"ProcessGetUpdates", "result":"Done", "context":{"dataType":"Web Apps", "deleted":"0", "process_failed_to_decrypt":"0", "process_pending_decryption":"0", "process_success":"2", "total":"2"}}
{"logTime": "0504/182312", "correlationVector":"ygtd0q1gBsIWxR20vZe9d4.7","action":"ProcessGetUpdates", "result":"Done", "context":{"dataType":"Saved Tab Group", "deleted":"22", "process_failed_to_decrypt":"0", "process_pending_decryption":"0", "process_success":"24", "total":"24"}}
{"logTime": "0504/182312", "correlationVector":"ygtd0q1gBsIWxR20vZe9d4.8","action":"GetUpdates Response", "result":"Success", "context":Received 250 update(s). cV=ygtd0q1gBsIWxR20vZe9d4.0;server=akswtt113000001;cloudType=Consumer;environment=Prod_eastus_prod-s01-056-nam-eastus;migrationStage=NotStarted Some updates remain.}
{"logTime": "0504/182312", "correlationVector":"pyd/nQYuofuVTSu5axfgx0","action":"Initial GetUpdates", "result":"", "context":Reason: NEWLY_SUPPORTED_DATATYPE. cV=pyd/nQYuofuVTSu5axfgx0}
{"logTime": "0504/182313", "correlationVector":"pyd/nQYuofuVTSu5axfgx0.1","action":"SyncServerConnectionManagerRequest", "result":"SYNC_SERVER_OK", "context":{"environment":"Prod_eastus_prod-s01-056-nam-eastus", "migrationStage":"NotStarted", "server":"akswtt11300000z"}}
{"logTime": "0504/182313", "correlationVector":"pyd/nQYuofuVTSu5axfgx0.2","action":"ProcessGetUpdates", "result":"Done", "context":{"dataType":"Autofill", "deleted":"0", "process_failed_to_decrypt":"0", "process_pending_decryption":"0", "process_success":"250", "total":"250"}}
{"logTime": "0504/182313", "correlationVector":"pyd/nQYuofuVTSu5axfgx0.3","action":"GetUpdates Response", "result":"Success", "context":Received 250 update(s). cV=pyd/nQYuofuVTSu5axfgx0.0;server=akswtt11300000z;cloudType=Consumer;environment=Prod_eastus_prod-s01-056-nam-eastus;migrationStage=NotStarted Some updates remain.}
{"logTime": "0504/182313", "correlationVector":"/tUhogc+DDaq4qLY1Q2IPV","action":"Initial GetUpdates", "result":"", "context":Reason: NEWLY_SUPPORTED_DATATYPE. cV=/tUhogc+DDaq4qLY1Q2IPV}
{"logTime": "0504/182314", "correlationVector":"/tUhogc+DDaq4qLY1Q2IPV.1","action":"SyncServerConnectionManagerRequest", "result":"SYNC_SERVER_OK", "context":{"environment":"Prod_eastus_prod-s01-056-nam-eastus", "migrationStage":"NotStarted", "server":"akswtt113000013"}}
{"logTime": "0504/182314", "correlationVector":"/tUhogc+DDaq4qLY1Q2IPV.2","action":"ProcessGetUpdates", "result":"Done", "context":{"dataType":"Autofill", "deleted":"0", "process_failed_to_decrypt":"0", "process_pending_decryption":"0", "process_success":"250", "total":"250"}}
{"logTime": "0504/182314", "correlationVector":"/tUhogc+DDaq4qLY1Q2IPV.3","action":"GetUpdates Response", "result":"Success", "context":Received 250 update(s). cV=/tUhogc+DDaq4qLY1Q2IPV.0;server=akswtt113000013;cloudType=Consumer;environment=Prod_eastus_prod-s01-056-nam-eastus;migrationStage=NotStarted Some updates remain.}
{"logTime": "0504/182314", "correlationVector":"8EzEBudcPgBwq+/5Qwk3cH","action":"Initial GetUpdates", "result":"", "context":Reason: NEWLY_SUPPORTED_DATATYPE. cV=8EzEBudcPgBwq+/5Qwk3cH}
{"logTime": "0504/182315", "correlationVector":"8EzEBudcPgBwq+/5Qwk3cH.1","action":"SyncServerConnectionManagerRequest", "result":"SYNC_SERVER_OK", "context":{"environment":"Prod_eastus_prod-s01-056-nam-eastus", "migrationStage":"NotStarted", "server":"akswtt113000002"}}
{"logTime": "0504/182315", "correlationVector":"8EzEBudcPgBwq+/5Qwk3cH.2","action":"ProcessGetUpdates", "result":"Done", "context":{"dataType":"Autofill", "deleted":"0", "process_failed_to_decrypt":"0", "process_pending_decryption":"0", "process_success":"70", "total":"70"}}
{"logTime": "0504/182315", "correlationVector":"8EzEBudcPgBwq+/5Qwk3cH.3","action":"ProcessGetUpdates", "result":"Done", "context":{"dataType":"Extensions", "deleted":"0", "process_failed_to_decrypt":"0", "process_pending_decryption":"0", "process_success":"4", "total":"4"}}
{"logTime": "0504/182315", "correlationVector":"8EzEBudcPgBwq+/5Qwk3cH.4","action":"ProcessGetUpdates", "result":"Done", "context":{"dataType":"Sessions", "deleted":"116", "process_failed_to_decrypt":"0", "process_pending_decryption":"0", "process_success":"116", "total":"116"}}
{"logTime": "0504/182315", "correlationVector":"8EzEBudcPgBwq+/5Qwk3cH.5","action":"ProcessGetUpdates", "result":"Done", "context":{"dataType":"Saved Tab Group", "deleted":"50", "process_failed_to_decrypt":"0", "process_pending_decryption":"0", "process_success":"50", "total":"50"}}
{"logTime": "0504/182315", "correlationVector":"8EzEBudcPgBwq+/5Qwk3cH.6","action":"ProcessGetUpdates", "result":"Done", "context":{"dataType":"Edge Hub App Usage", "deleted":"10", "process_failed_to_decrypt":"0", "process_pending_decryption":"0", "process_success":"10", "total":"10"}}
{"logTime": "0504/182315", "correlationVector":"8EzEBudcPgBwq+/5Qwk3cH.7","action":"GetUpdates Response", "result":"Success", "context":Received 250 update(s). cV=8EzEBudcPgBwq+/5Qwk3cH.0;server=akswtt113000002;cloudType=Consumer;environment=Prod_eastus_prod-s01-056-nam-eastus;migrationStage=NotStarted Some updates remain.}
{"logTime": "0504/182315", "correlationVector":"J2dtXpHSKzNwOdblLPPiYM","action":"Initial GetUpdates", "result":"", "context":Reason: NEWLY_SUPPORTED_DATATYPE. cV=J2dtXpHSKzNwOdblLPPiYM}
{"logTime": "0504/182317", "correlationVector":"J2dtXpHSKzNwOdblLPPiYM.1","action":"SyncServerConnectionManagerRequest", "result":"SYNC_SERVER_OK", "context":{"environment":"Prod_eastus2_prod-s01-050-nam-eastus2", "migrationStage":"NotStarted", "server":"akswtt113000011"}}
{"logTime": "0504/182317", "correlationVector":"J2dtXpHSKzNwOdblLPPiYM.2","action":"ProcessGetUpdates", "result":"Done", "context":{"dataType":"Sessions", "deleted":"241", "process_failed_to_decrypt":"0", "process_pending_decryption":"0", "process_success":"241", "total":"241"}}
{"logTime": "0504/182317", "correlationVector":"J2dtXpHSKzNwOdblLPPiYM.3","action":"ProcessGetUpdates", "result":"Done", "context":{"dataType":"Edge Hub App Usage", "deleted":"4", "process_failed_to_decrypt":"0", "process_pending_decryption":"0", "process_success":"9", "total":"9"}}
{"logTime": "0504/182317", "correlationVector":"J2dtXpHSKzNwOdblLPPiYM.4","action":"GetUpdates Response", "result":"Success", "context":Received 250 update(s). cV=J2dtXpHSKzNwOdblLPPiYM.0;server=akswtt113000011;cloudType=Consumer;environment=Prod_eastus2_prod-s01-050-nam-eastus2;migrationStage=NotStarted Some updates remain.}
{"logTime": "0504/182317", "correlationVector":"H/KJPm94JTzp0/W6nmG6VQ","action":"Initial GetUpdates", "result":"", "context":Reason: NEWLY_SUPPORTED_DATATYPE. cV=H/KJPm94JTzp0/W6nmG6VQ}
{"logTime": "0504/182318", "correlationVector":"H/KJPm94JTzp0/W6nmG6VQ.1","action":"SyncServerConnectionManagerRequest", "result":"SYNC_SERVER_OK", "context":{"environment":"Prod_eastus_prod-s01-056-nam-eastus", "migrationStage":"NotStarted", "server":"akswtt113000003"}}
{"logTime": "0504/182318", "correlationVector":"H/KJPm94JTzp0/W6nmG6VQ.2","action":"ProcessGetUpdates", "result":"Done", "context":{"dataType":"Sessions", "deleted":"235", "process_failed_to_decrypt":"0", "process_pending_decryption":"0", "process_success":"235", "total":"235"}}
{"logTime": "0504/182318", "correlationVector":"H/KJPm94JTzp0/W6nmG6VQ.3","action":"ProcessGetUpdates", "result":"Done", "context":{"dataType":"Edge Hub App Usage", "deleted":"15", "process_failed_to_decrypt":"0", "process_pending_decryption":"0", "process_success":"15", "total":"15"}}
{"logTime": "0504/182318", "correlationVector":"H/KJPm94JTzp0/W6nmG6VQ.4","action":"GetUpdates Response", "result":"Success", "context":Received 250 update(s). cV=H/KJPm94JTzp0/W6nmG6VQ.0;server=akswtt113000003;cloudType=Consumer;environment=Prod_eastus_prod-s01-056-nam-eastus;migrationStage=NotStarted Some updates remain.}
{"logTime": "0504/182318", "correlationVector":"by0LNSZv3aaz0U0FQIlgJv","action":"Initial GetUpdates", "result":"", "context":Reason: NEWLY_SUPPORTED_DATATYPE. cV=by0LNSZv3aaz0U0FQIlgJv}
{"logTime": "0504/182319", "correlationVector":"by0LNSZv3aaz0U0FQIlgJv.1","action":"SyncServerConnectionManagerRequest", "result":"SYNC_SERVER_OK", "context":{"environment":"Prod_eastus_prod-s01-056-nam-eastus", "migrationStage":"NotStarted", "server":"akswtt11300000x"}}
{"logTime": "0504/182319", "correlationVector":"by0LNSZv3aaz0U0FQIlgJv.2","action":"ProcessGetUpdates", "result":"Done", "context":{"dataType":"Sessions", "deleted":"244", "process_failed_to_decrypt":"0", "process_pending_decryption":"0", "process_success":"244", "total":"244"}}
{"logTime": "0504/182319", "correlationVector":"by0LNSZv3aaz0U0FQIlgJv.3","action":"ProcessGetUpdates", "result":"Done", "context":{"dataType":"Edge Hub App Usage", "deleted":"0", "process_failed_to_decrypt":"0", "process_pending_decryption":"0", "process_success":"6", "total":"6"}}
{"logTime": "0504/182319", "correlationVector":"by0LNSZv3aaz0U0FQIlgJv.4","action":"GetUpdates Response", "result":"Success", "context":Received 250 update(s). cV=by0LNSZv3aaz0U0FQIlgJv.0;server=akswtt11300000x;cloudType=Consumer;environment=Prod_eastus_prod-s01-056-nam-eastus;migrationStage=NotStarted Some updates remain.}
{"logTime": "0504/182319", "correlationVector":"Q/5X9KwoDlF8e2LJRhYFj1","action":"Initial GetUpdates", "result":"", "context":Reason: NEWLY_SUPPORTED_DATATYPE. cV=Q/5X9KwoDlF8e2LJRhYFj1}
{"logTime": "0504/182320", "correlationVector":"Q/5X9KwoDlF8e2LJRhYFj1.1","action":"SyncServerConnectionManagerRequest", "result":"SYNC_SERVER_OK", "context":{"environment":"Prod_eastus2_prod-s01-050-nam-eastus2", "migrationStage":"NotStarted", "server":"akswtt11300000h"}}
{"logTime": "0504/182320", "correlationVector":"Q/5X9KwoDlF8e2LJRhYFj1.2","action":"ProcessGetUpdates", "result":"Done", "context":{"dataType":"Sessions", "deleted":"239", "process_failed_to_decrypt":"0", "process_pending_decryption":"0", "process_success":"239", "total":"239"}}
{"logTime": "0504/182320", "correlationVector":"Q/5X9KwoDlF8e2LJRhYFj1.3","action":"ProcessGetUpdates", "result":"Done", "context":{"dataType":"Edge Hub App Usage", "deleted":"5", "process_failed_to_decrypt":"0", "process_pending_decryption":"0", "process_success":"11", "total":"11"}}
{"logTime": "0504/182320", "correlationVector":"Q/5X9KwoDlF8e2LJRhYFj1.4","action":"GetUpdates Response", "result":"Success", "context":Received 250 update(s). cV=Q/5X9KwoDlF8e2LJRhYFj1.0;server=akswtt11300000h;cloudType=Consumer;environment=Prod_eastus2_prod-s01-050-nam-eastus2;migrationStage=NotStarted Some updates remain.}
{"logTime": "0504/182320", "correlationVector":"PMtmkERcyJ4JImKhYQ6Xro","action":"Initial GetUpdates", "result":"", "context":Reason: NEWLY_SUPPORTED_DATATYPE. cV=PMtmkERcyJ4JImKhYQ6Xro}
{"logTime": "0504/182321", "correlationVector":"PMtmkERcyJ4JImKhYQ6Xro.1","action":"SyncServerConnectionManagerRequest", "result":"SYNC_SERVER_OK", "context":{"environment":"Prod_eastus2_prod-s01-050-nam-eastus2", "migrationStage":"NotStarted", "server":"akswtt113000007"}}
{"logTime": "0504/182321", "correlationVector":"PMtmkERcyJ4JImKhYQ6Xro.2","action":"ProcessGetUpdates", "result":"Done", "context":{"dataType":"Sessions", "deleted":"242", "process_failed_to_decrypt":"0", "process_pending_decryption":"0", "process_success":"242", "total":"242"}}
{"logTime": "0504/182321", "correlationVector":"PMtmkERcyJ4JImKhYQ6Xro.3","action":"ProcessGetUpdates", "result":"Done", "context":{"dataType":"Edge Hub App Usage", "deleted":"4", "process_failed_to_decrypt":"0", "process_pending_decryption":"0", "process_success":"8", "total":"8"}}
{"logTime": "0504/182321", "correlationVector":"PMtmkERcyJ4JImKhYQ6Xro.4","action":"GetUpdates Response", "result":"Success", "context":Received 250 update(s). cV=PMtmkERcyJ4JImKhYQ6Xro.0;server=akswtt113000007;cloudType=Consumer;environment=Prod_eastus2_prod-s01-050-nam-eastus2;migrationStage=NotStarted Some updates remain.}
{"logTime": "0504/182321", "correlationVector":"7TCY6slpnPxgPqnTap8GNQ","action":"Initial GetUpdates", "result":"", "context":Reason: NEWLY_SUPPORTED_DATATYPE. cV=7TCY6slpnPxgPqnTap8GNQ}
{"logTime": "0504/182322", "correlationVector":"7TCY6slpnPxgPqnTap8GNQ.1","action":"SyncServerConnectionManagerRequest", "result":"SYNC_SERVER_OK", "context":{"environment":"Prod_eastus_prod-s01-056-nam-eastus", "migrationStage":"NotStarted", "server":"akswtt113000011"}}
{"logTime": "0504/182322", "correlationVector":"7TCY6slpnPxgPqnTap8GNQ.2","action":"ProcessGetUpdates", "result":"Done", "context":{"dataType":"Sessions", "deleted":"247", "process_failed_to_decrypt":"0", "process_pending_decryption":"0", "process_success":"247", "total":"247"}}
{"logTime": "0504/182322", "correlationVector":"7TCY6slpnPxgPqnTap8GNQ.3","action":"ProcessGetUpdates", "result":"Done", "context":{"dataType":"Edge Hub App Usage", "deleted":"0", "process_failed_to_decrypt":"0", "process_pending_decryption":"0", "process_success":"3", "total":"3"}}
{"logTime": "0504/182322", "correlationVector":"7TCY6slpnPxgPqnTap8GNQ.4","action":"GetUpdates Response", "result":"Success", "context":Received 250 update(s). cV=7TCY6slpnPxgPqnTap8GNQ.0;server=akswtt113000011;cloudType=Consumer;environment=Prod_eastus_prod-s01-056-nam-eastus;migrationStage=NotStarted Some updates remain.}
{"logTime": "0504/182322", "correlationVector":"Zu5NFvOyZZ5n/nk11WIO2V","action":"Initial GetUpdates", "result":"", "context":Reason: NEWLY_SUPPORTED_DATATYPE. cV=Zu5NFvOyZZ5n/nk11WIO2V}
{"logTime": "0504/182323", "correlationVector":"Zu5NFvOyZZ5n/nk11WIO2V.1","action":"SyncServerConnectionManagerRequest", "result":"SYNC_SERVER_OK", "context":{"environment":"Prod_eastus_prod-s01-056-nam-eastus", "migrationStage":"NotStarted", "server":"akswtt113000011"}}
{"logTime": "0504/182323", "correlationVector":"Zu5NFvOyZZ5n/nk11WIO2V.2","action":"ProcessGetUpdates", "result":"Done", "context":{"dataType":"Sessions", "deleted":"250", "process_failed_to_decrypt":"0", "process_pending_decryption":"0", "process_success":"250", "total":"250"}}
{"logTime": "0504/182323", "correlationVector":"Zu5NFvOyZZ5n/nk11WIO2V.3","action":"GetUpdates Response", "result":"Success", "context":Received 250 update(s). cV=Zu5NFvOyZZ5n/nk11WIO2V.0;server=akswtt113000011;cloudType=Consumer;environment=Prod_eastus_prod-s01-056-nam-eastus;migrationStage=NotStarted Some updates remain.}
{"logTime": "0504/182323", "correlationVector":"zr+OR2hgoaZz9pI0cxi5Ty","action":"Initial GetUpdates", "result":"", "context":Reason: NEWLY_SUPPORTED_DATATYPE. cV=zr+OR2hgoaZz9pI0cxi5Ty}
{"logTime": "0504/182325", "correlationVector":"zr+OR2hgoaZz9pI0cxi5Ty.1","action":"SyncServerConnectionManagerRequest", "result":"SYNC_SERVER_OK", "context":{"environment":"Prod_eastus2_prod-s01-050-nam-eastus2", "migrationStage":"NotStarted", "server":"akswtt11300000k"}}
{"logTime": "0504/182325", "correlationVector":"zr+OR2hgoaZz9pI0cxi5Ty.2","action":"ProcessGetUpdates", "result":"Done", "context":{"dataType":"Sessions", "deleted":"243", "process_failed_to_decrypt":"0", "process_pending_decryption":"0", "process_success":"243", "total":"243"}}
{"logTime": "0504/182325", "correlationVector":"zr+OR2hgoaZz9pI0cxi5Ty.3","action":"ProcessGetUpdates", "result":"Done", "context":{"dataType":"Edge Hub App Usage", "deleted":"2", "process_failed_to_decrypt":"0", "process_pending_decryption":"0", "process_success":"7", "total":"7"}}
{"logTime": "0504/182325", "correlationVector":"zr+OR2hgoaZz9pI0cxi5Ty.4","action":"GetUpdates Response", "result":"Success", "context":Received 250 update(s). cV=zr+OR2hgoaZz9pI0cxi5Ty.0;server=akswtt11300000k;cloudType=Consumer;environment=Prod_eastus2_prod-s01-050-nam-eastus2;migrationStage=NotStarted Some updates remain.}
{"logTime": "0504/182325", "correlationVector":"kFzCeNJJ7cK5yBhI5NvTYh","action":"Initial GetUpdates", "result":"", "context":Reason: NEWLY_SUPPORTED_DATATYPE. cV=kFzCeNJJ7cK5yBhI5NvTYh}
{"logTime": "0504/182326", "correlationVector":"kFzCeNJJ7cK5yBhI5NvTYh.1","action":"SyncServerConnectionManagerRequest", "result":"SYNC_SERVER_OK", "context":{"environment":"Prod_eastus2_prod-s01-050-nam-eastus2", "migrationStage":"NotStarted", "server":"akswtt11300001l"}}
{"logTime": "0504/182326", "correlationVector":"kFzCeNJJ7cK5yBhI5NvTYh.2","action":"ProcessGetUpdates", "result":"Done", "context":{"dataType":"Sessions", "deleted":"240", "process_failed_to_decrypt":"0", "process_pending_decryption":"0", "process_success":"240", "total":"240"}}
{"logTime": "0504/182326", "correlationVector":"kFzCeNJJ7cK5yBhI5NvTYh.3","action":"ProcessGetUpdates", "result":"Done", "context":{"dataType":"Saved Tab Group", "deleted":"6", "process_failed_to_decrypt":"0", "process_pending_decryption":"0", "process_success":"7", "total":"7"}}
{"logTime": "0504/182326", "correlationVector":"kFzCeNJJ7cK5yBhI5NvTYh.4","action":"ProcessGetUpdates", "result":"Done", "context":{"dataType":"Edge Hub App Usage", "deleted":"0", "process_failed_to_decrypt":"0", "process_pending_decryption":"0", "process_success":"3", "total":"3"}}
{"logTime": "0504/182326", "correlationVector":"kFzCeNJJ7cK5yBhI5NvTYh.5","action":"GetUpdates Response", "result":"Success", "context":Received 250 update(s). cV=kFzCeNJJ7cK5yBhI5NvTYh.0;server=akswtt11300001l;cloudType=Consumer;environment=Prod_eastus2_prod-s01-050-nam-eastus2;migrationStage=NotStarted Some updates remain.}
{"logTime": "0504/182326", "correlationVector":"ocH6IhjrIWkHEq8GbUCKq7","action":"Initial GetUpdates", "result":"", "context":Reason: NEWLY_SUPPORTED_DATATYPE. cV=ocH6IhjrIWkHEq8GbUCKq7}
{"logTime": "0504/182327", "correlationVector":"ocH6IhjrIWkHEq8GbUCKq7.1","action":"SyncServerConnectionManagerRequest", "result":"SYNC_SERVER_OK", "context":{"environment":"Prod_eastus2_prod-s01-050-nam-eastus2", "migrationStage":"NotStarted", "server":"akswtt11300000y"}}
{"logTime": "0504/182327", "correlationVector":"ocH6IhjrIWkHEq8GbUCKq7.2","action":"ProcessGetUpdates", "result":"Done", "context":{"dataType":"Sessions", "deleted":"250", "process_failed_to_decrypt":"0", "process_pending_decryption":"0", "process_success":"250", "total":"250"}}
{"logTime": "0504/182327", "correlationVector":"ocH6IhjrIWkHEq8GbUCKq7.3","action":"GetUpdates Response", "result":"Success", "context":Received 250 update(s). cV=ocH6IhjrIWkHEq8GbUCKq7.0;server=akswtt11300000y;cloudType=Consumer;environment=Prod_eastus2_prod-s01-050-nam-eastus2;migrationStage=NotStarted Some updates remain.}
{"logTime": "0504/182327", "correlationVector":"/XgA3Jnz1NmQWe0NOOLcJK","action":"Initial GetUpdates", "result":"", "context":Reason: NEWLY_SUPPORTED_DATATYPE. cV=/XgA3Jnz1NmQWe0NOOLcJK}
{"logTime": "0504/182328", "correlationVector":"/XgA3Jnz1NmQWe0NOOLcJK.1","action":"SyncServerConnectionManagerRequest", "result":"SYNC_SERVER_OK", "context":{"environment":"Prod_eastus2_prod-s01-050-nam-eastus2", "migrationStage":"NotStarted", "server":"akswtt11300000x"}}
{"logTime": "0504/182328", "correlationVector":"/XgA3Jnz1NmQWe0NOOLcJK.2","action":"ProcessGetUpdates", "result":"Done", "context":{"dataType":"Extensions", "deleted":"0", "process_failed_to_decrypt":"0", "process_pending_decryption":"0", "process_success":"1", "total":"1"}}
{"logTime": "0504/182328", "correlationVector":"/XgA3Jnz1NmQWe0NOOLcJK.3","action":"ProcessGetUpdates", "result":"Done", "context":{"dataType":"Sessions", "deleted":"230", "process_failed_to_decrypt":"0", "process_pending_decryption":"0", "process_success":"230", "total":"230"}}
{"logTime": "0504/182328", "correlationVector":"/XgA3Jnz1NmQWe0NOOLcJK.4","action":"ProcessGetUpdates", "result":"Done", "context":{"dataType":"Saved Tab Group", "deleted":"4", "process_failed_to_decrypt":"0", "process_pending_decryption":"0", "process_success":"6", "total":"6"}}
{"logTime": "0504/182328", "correlationVector":"/XgA3Jnz1NmQWe0NOOLcJK.5","action":"ProcessGetUpdates", "result":"Done", "context":{"dataType":"Edge Hub App Usage", "deleted":"0", "process_failed_to_decrypt":"0", "process_pending_decryption":"0", "process_success":"13", "total":"13"}}
{"logTime": "0504/182328", "correlationVector":"/XgA3Jnz1NmQWe0NOOLcJK.6","action":"GetUpdates Response", "result":"Success", "context":Received 250 update(s). cV=/XgA3Jnz1NmQWe0NOOLcJK.0;server=akswtt11300000x;cloudType=Consumer;environment=Prod_eastus2_prod-s01-050-nam-eastus2;migrationStage=NotStarted Some updates remain.}
{"logTime": "0504/182328", "correlationVector":"1wBEKd/qxhsS/PNFqhosP1","action":"Initial GetUpdates", "result":"", "context":Reason: NEWLY_SUPPORTED_DATATYPE. cV=1wBEKd/qxhsS/PNFqhosP1}
{"logTime": "0504/182330", "correlationVector":"1wBEKd/qxhsS/PNFqhosP1.1","action":"SyncServerConnectionManagerRequest", "result":"SYNC_SERVER_OK", "context":{"environment":"Prod_eastus2_prod-s01-050-nam-eastus2", "migrationStage":"NotStarted", "server":"akswtt11300001l"}}
{"logTime": "0504/182330", "correlationVector":"1wBEKd/qxhsS/PNFqhosP1.2","action":"ProcessGetUpdates", "result":"Done", "context":{"dataType":"Sessions", "deleted":"242", "process_failed_to_decrypt":"0", "process_pending_decryption":"0", "process_success":"244", "total":"244"}}
{"logTime": "0504/182330", "correlationVector":"1wBEKd/qxhsS/PNFqhosP1.3","action":"ProcessGetUpdates", "result":"Done", "context":{"dataType":"Edge Hub App Usage", "deleted":"3", "process_failed_to_decrypt":"0", "process_pending_decryption":"0", "process_success":"6", "total":"6"}}
{"logTime": "0504/182330", "correlationVector":"1wBEKd/qxhsS/PNFqhosP1.4","action":"GetUpdates Response", "result":"Success", "context":Received 250 update(s). cV=1wBEKd/qxhsS/PNFqhosP1.0;server=akswtt11300001l;cloudType=Consumer;environment=Prod_eastus2_prod-s01-050-nam-eastus2;migrationStage=NotStarted Some updates remain.}
{"logTime": "0504/182330", "correlationVector":"ooexDLyKpegVU7lsWJbWZS","action":"Initial GetUpdates", "result":"", "context":Reason: NEWLY_SUPPORTED_DATATYPE. cV=ooexDLyKpegVU7lsWJbWZS}
{"logTime": "0504/182330", "correlationVector":"ooexDLyKpegVU7lsWJbWZS.1","action":"SyncServerConnectionManagerRequest", "result":"SYNC_SERVER_OK", "context":{"environment":"Prod_eastus_prod-s01-056-nam-eastus", "migrationStage":"NotStarted", "server":"akswtt11300000z"}}
{"logTime": "0504/182330", "correlationVector":"ooexDLyKpegVU7lsWJbWZS.2","action":"ProcessGetUpdates", "result":"Done", "context":{"dataType":"Extensions", "deleted":"0", "process_failed_to_decrypt":"0", "process_pending_decryption":"0", "process_success":"2", "total":"2"}}
{"logTime": "0504/182330", "correlationVector":"ooexDLyKpegVU7lsWJbWZS.3","action":"ProcessGetUpdates", "result":"Done", "context":{"dataType":"Sessions", "deleted":"230", "process_failed_to_decrypt":"0", "process_pending_decryption":"0", "process_success":"230", "total":"230"}}
{"logTime": "0504/182330", "correlationVector":"ooexDLyKpegVU7lsWJbWZS.4","action":"ProcessGetUpdates", "result":"Done", "context":{"dataType":"Saved Tab Group", "deleted":"7", "process_failed_to_decrypt":"0", "process_pending_decryption":"0", "process_success":"7", "total":"7"}}
{"logTime": "0504/182330", "correlationVector":"ooexDLyKpegVU7lsWJbWZS.5","action":"ProcessGetUpdates", "result":"Done", "context":{"dataType":"Edge Hub App Usage", "deleted":"11", "process_failed_to_decrypt":"0", "process_pending_decryption":"0", "process_success":"11", "total":"11"}}
{"logTime": "0504/182330", "correlationVector":"ooexDLyKpegVU7lsWJbWZS.6","action":"GetUpdates Response", "result":"Success", "context":Received 250 update(s). cV=ooexDLyKpegVU7lsWJbWZS.0;server=akswtt11300000z;cloudType=Consumer;environment=Prod_eastus_prod-s01-056-nam-eastus;migrationStage=NotStarted Some updates remain.}
{"logTime": "0504/182330", "correlationVector":"pXTvbVGwHQPR8STCDfOGNt","action":"Initial GetUpdates", "result":"", "context":Reason: NEWLY_SUPPORTED_DATATYPE. cV=pXTvbVGwHQPR8STCDfOGNt}
{"logTime": "0504/182331", "correlationVector":"pXTvbVGwHQPR8STCDfOGNt.1","action":"SyncServerConnectionManagerRequest", "result":"SYNC_SERVER_OK", "context":{"environment":"Prod_eastus2_prod-s01-050-nam-eastus2", "migrationStage":"NotStarted", "server":"akswtt11300000x"}}
{"logTime": "0504/182331", "correlationVector":"pXTvbVGwHQPR8STCDfOGNt.2","action":"ProcessGetUpdates", "result":"Done", "context":{"dataType":"Autofill", "deleted":"0", "process_failed_to_decrypt":"0", "process_pending_decryption":"0", "process_success":"10", "total":"10"}}
{"logTime": "0504/182331", "correlationVector":"pXTvbVGwHQPR8STCDfOGNt.3","action":"ProcessGetUpdates", "result":"Done", "context":{"dataType":"Sessions", "deleted":"156", "process_failed_to_decrypt":"0", "process_pending_decryption":"0", "process_success":"169", "total":"169"}}
{"logTime": "0504/182331", "correlationVector":"pXTvbVGwHQPR8STCDfOGNt.4","action":"ProcessGetUpdates", "result":"Done", "context":{"dataType":"Saved Tab Group", "deleted":"3", "process_failed_to_decrypt":"0", "process_pending_decryption":"0", "process_success":"3", "total":"3"}}
{"logTime": "0504/182331", "correlationVector":"pXTvbVGwHQPR8STCDfOGNt.5","action":"ProcessGetUpdates", "result":"Done", "context":{"dataType":"Edge Hub App Usage", "deleted":"4", "process_failed_to_decrypt":"0", "process_pending_decryption":"0", "process_success":"11", "total":"11"}}
{"logTime": "0504/182331", "correlationVector":"pXTvbVGwHQPR8STCDfOGNt.6","action":"GetUpdates Response", "result":"Success", "context":Received 193 update(s). cV=pXTvbVGwHQPR8STCDfOGNt.0;server=akswtt11300000x;cloudType=Consumer;environment=Prod_eastus2_prod-s01-050-nam-eastus2;migrationStage=NotStarted}
{"logTime": "0504/182331", "correlationVector":"E4mxf12esX2sBglu/+94Sv","action":"Initial GetUpdates", "result":"", "context":Reason: NEWLY_SUPPORTED_DATATYPE. cV=E4mxf12esX2sBglu/+94Sv}
{"logTime": "0504/182332", "correlationVector":"E4mxf12esX2sBglu/+94Sv.1","action":"SyncServerConnectionManagerRequest", "result":"SYNC_SERVER_OK", "context":{"environment":"Prod_eastus2_prod-s01-050-nam-eastus2", "migrationStage":"NotStarted", "server":"akswtt11300000x"}}
{"logTime": "0504/182332", "correlationVector":"E4mxf12esX2sBglu/+94Sv.2","action":"ProcessGetUpdates", "result":"Done", "context":{"dataType":"History", "deleted":"0", "process_failed_to_decrypt":"0", "process_pending_decryption":"0", "process_success":"250", "total":"250"}}
{"logTime": "0504/182332", "correlationVector":"E4mxf12esX2sBglu/+94Sv.3","action":"GetUpdates Response", "result":"Success", "context":Received 250 update(s). cV=E4mxf12esX2sBglu/+94Sv.0;server=akswtt11300000x;cloudType=Consumer;environment=Prod_eastus2_prod-s01-050-nam-eastus2;migrationStage=NotStarted Some updates remain.}
{"logTime": "0504/182332", "correlationVector":"XT8YIFyQqeIIh7i7OIDejo","action":"Initial GetUpdates", "result":"", "context":Reason: NEWLY_SUPPORTED_DATATYPE. cV=XT8YIFyQqeIIh7i7OIDejo}
{"logTime": "0504/182332", "correlationVector":"XT8YIFyQqeIIh7i7OIDejo.1","action":"SyncServerConnectionManagerRequest", "result":"SYNC_SERVER_OK", "context":{"environment":"Prod_eastus2_prod-s01-050-nam-eastus2", "migrationStage":"NotStarted", "server":"akswtt11300000d"}}
{"logTime": "0504/182332", "correlationVector":"XT8YIFyQqeIIh7i7OIDejo.2","action":"ProcessGetUpdates", "result":"Done", "context":{"dataType":"History", "deleted":"0", "process_failed_to_decrypt":"0", "process_pending_decryption":"0", "process_success":"250", "total":"250"}}
{"logTime": "0504/182332", "correlationVector":"XT8YIFyQqeIIh7i7OIDejo.3","action":"GetUpdates Response", "result":"Success", "context":Received 250 update(s). cV=XT8YIFyQqeIIh7i7OIDejo.0;server=akswtt11300000d;cloudType=Consumer;environment=Prod_eastus2_prod-s01-050-nam-eastus2;migrationStage=NotStarted Some updates remain.}
{"logTime": "0504/182332", "correlationVector":"U5Lmi5YGZqBg3/MTwUahUO","action":"Initial GetUpdates", "result":"", "context":Reason: NEWLY_SUPPORTED_DATATYPE. cV=U5Lmi5YGZqBg3/MTwUahUO}
{"logTime": "0504/182333", "correlationVector":"U5Lmi5YGZqBg3/MTwUahUO.1","action":"SyncServerConnectionManagerRequest", "result":"SYNC_SERVER_OK", "context":{"environment":"Prod_eastus_prod-s01-056-nam-eastus", "migrationStage":"NotStarted", "server":"akswtt113000007"}}
{"logTime": "0504/182333", "correlationVector":"U5Lmi5YGZqBg3/MTwUahUO.2","action":"ProcessGetUpdates", "result":"Done", "context":{"dataType":"History", "deleted":"0", "process_failed_to_decrypt":"0", "process_pending_decryption":"0", "process_success":"250", "total":"250"}}
{"logTime": "0504/182333", "correlationVector":"U5Lmi5YGZqBg3/MTwUahUO.3","action":"GetUpdates Response", "result":"Success", "context":Received 250 update(s). cV=U5Lmi5YGZqBg3/MTwUahUO.0;server=akswtt113000007;cloudType=Consumer;environment=Prod_eastus_prod-s01-056-nam-eastus;migrationStage=NotStarted Some updates remain.}
{"logTime": "0504/182333", "correlationVector":"OxmQ+C4jPxdhk24idxzNpc","action":"Initial GetUpdates", "result":"", "context":Reason: NEWLY_SUPPORTED_DATATYPE. cV=OxmQ+C4jPxdhk24idxzNpc}
{"logTime": "0504/182334", "correlationVector":"OxmQ+C4jPxdhk24idxzNpc.1","action":"SyncServerConnectionManagerRequest", "result":"SYNC_SERVER_OK", "context":{"environment":"Prod_eastus_prod-s01-056-nam-eastus", "migrationStage":"NotStarted", "server":"akswtt11300000z"}}
{"logTime": "0504/182334", "correlationVector":"OxmQ+C4jPxdhk24idxzNpc.2","action":"ProcessGetUpdates", "result":"Done", "context":{"dataType":"History", "deleted":"0", "process_failed_to_decrypt":"0", "process_pending_decryption":"0", "process_success":"250", "total":"250"}}
{"logTime": "0504/182334", "correlationVector":"OxmQ+C4jPxdhk24idxzNpc.3","action":"GetUpdates Response", "result":"Success", "context":Received 250 update(s). cV=OxmQ+C4jPxdhk24idxzNpc.0;server=akswtt11300000z;cloudType=Consumer;environment=Prod_eastus_prod-s01-056-nam-eastus;migrationStage=NotStarted Some updates remain.}
{"logTime": "0504/182334", "correlationVector":"qM3oCTtq7zYGOs/R/3DqHI","action":"Initial GetUpdates", "result":"", "context":Reason: NEWLY_SUPPORTED_DATATYPE. cV=qM3oCTtq7zYGOs/R/3DqHI}
{"logTime": "0504/182335", "correlationVector":"qM3oCTtq7zYGOs/R/3DqHI.1","action":"SyncServerConnectionManagerRequest", "result":"SYNC_SERVER_OK", "context":{"environment":"Prod_eastus2_prod-s01-050-nam-eastus2", "migrationStage":"NotStarted", "server":"akswtt11300001x"}}
{"logTime": "0504/182335", "correlationVector":"qM3oCTtq7zYGOs/R/3DqHI.2","action":"ProcessGetUpdates", "result":"Done", "context":{"dataType":"History", "deleted":"0", "process_failed_to_decrypt":"0", "process_pending_decryption":"0", "process_success":"250", "total":"250"}}
{"logTime": "0504/182335", "correlationVector":"qM3oCTtq7zYGOs/R/3DqHI.3","action":"GetUpdates Response", "result":"Success", "context":Received 250 update(s). cV=qM3oCTtq7zYGOs/R/3DqHI.0;server=akswtt11300001x;cloudType=Consumer;environment=Prod_eastus2_prod-s01-050-nam-eastus2;migrationStage=NotStarted Some updates remain.}
{"logTime": "0504/182335", "correlationVector":"YzDPoapnvXljlDqqoa8GXb","action":"Initial GetUpdates", "result":"", "context":Reason: NEWLY_SUPPORTED_DATATYPE. cV=YzDPoapnvXljlDqqoa8GXb}
{"logTime": "0504/182336", "correlationVector":"YzDPoapnvXljlDqqoa8GXb.1","action":"SyncServerConnectionManagerRequest", "result":"SYNC_SERVER_OK", "context":{"environment":"Prod_eastus_prod-s01-056-nam-eastus", "migrationStage":"NotStarted", "server":"akswtt113000003"}}
{"logTime": "0504/182336", "correlationVector":"YzDPoapnvXljlDqqoa8GXb.2","action":"ProcessGetUpdates", "result":"Done", "context":{"dataType":"History", "deleted":"0", "process_failed_to_decrypt":"0", "process_pending_decryption":"0", "process_success":"250", "total":"250"}}
{"logTime": "0504/182336", "correlationVector":"YzDPoapnvXljlDqqoa8GXb.3","action":"GetUpdates Response", "result":"Success", "context":Received 250 update(s). cV=YzDPoapnvXljlDqqoa8GXb.0;server=akswtt113000003;cloudType=Consumer;environment=Prod_eastus_prod-s01-056-nam-eastus;migrationStage=NotStarted Some updates remain.}
{"logTime": "0504/182336", "correlationVector":"efJW9MaKSQKcrHQVcAKZWM","action":"Initial GetUpdates", "result":"", "context":Reason: NEWLY_SUPPORTED_DATATYPE. cV=efJW9MaKSQKcrHQVcAKZWM}
{"logTime": "0504/182337", "correlationVector":"efJW9MaKSQKcrHQVcAKZWM.1","action":"SyncServerConnectionManagerRequest", "result":"SYNC_SERVER_OK", "context":{"environment":"Prod_eastus2_prod-s01-050-nam-eastus2", "migrationStage":"NotStarted", "server":"akswtt11300001l"}}
{"logTime": "0504/182337", "correlationVector":"efJW9MaKSQKcrHQVcAKZWM.2","action":"ProcessGetUpdates", "result":"Done", "context":{"dataType":"History", "deleted":"0", "process_failed_to_decrypt":"0", "process_pending_decryption":"0", "process_success":"250", "total":"250"}}
{"logTime": "0504/182337", "correlationVector":"efJW9MaKSQKcrHQVcAKZWM.3","action":"GetUpdates Response", "result":"Success", "context":Received 250 update(s). cV=efJW9MaKSQKcrHQVcAKZWM.0;server=akswtt11300001l;cloudType=Consumer;environment=Prod_eastus2_prod-s01-050-nam-eastus2;migrationStage=NotStarted Some updates remain.}
{"logTime": "0504/182337", "correlationVector":"lrt7Sxlwrks717LjmQLczr","action":"Initial GetUpdates", "result":"", "context":Reason: NEWLY_SUPPORTED_DATATYPE. cV=lrt7Sxlwrks717LjmQLczr}
{"logTime": "0504/182338", "correlationVector":"lrt7Sxlwrks717LjmQLczr.1","action":"SyncServerConnectionManagerRequest", "result":"SYNC_SERVER_OK", "context":{"environment":"Prod_eastus_prod-s01-056-nam-eastus", "migrationStage":"NotStarted", "server":"akswtt113000001"}}
{"logTime": "0504/182338", "correlationVector":"lrt7Sxlwrks717LjmQLczr.2","action":"ProcessGetUpdates", "result":"Done", "context":{"dataType":"History", "deleted":"0", "process_failed_to_decrypt":"0", "process_pending_decryption":"0", "process_success":"250", "total":"250"}}
{"logTime": "0504/182338", "correlationVector":"lrt7Sxlwrks717LjmQLczr.3","action":"GetUpdates Response", "result":"Success", "context":Received 250 update(s). cV=lrt7Sxlwrks717LjmQLczr.0;server=akswtt113000001;cloudType=Consumer;environment=Prod_eastus_prod-s01-056-nam-eastus;migrationStage=NotStarted Some updates remain.}
{"logTime": "0504/182338", "correlationVector":"n42zkaIP3SOI4JywU+BgUb","action":"Initial GetUpdates", "result":"", "context":Reason: NEWLY_SUPPORTED_DATATYPE. cV=n42zkaIP3SOI4JywU+BgUb}
{"logTime": "0504/182338", "correlationVector":"n42zkaIP3SOI4JywU+BgUb","action":"SyncServerConnectionManagerRequest", "result":"CONNECTION_UNAVAILABLE", "context":{"error_type":"net_error_code", "error_value":"-3"}}
