2026-05-04 10:30:25.319: [INFO][Sync] Reset engine, reason: 8
2026-05-04 10:30:25.319: [INFO][Sync] Stopped: Bookmarks
2026-05-04 10:30:25.319: [INFO][Sync] Stopped: Preferences
2026-05-04 10:30:25.319: [INFO][Sync] Stopped: Passwords
2026-05-04 10:30:25.319: [INFO][Sync] Stopped: Autofill Profiles
2026-05-04 10:30:25.319: [INFO][Sync] Stopped: Autofill
2026-05-04 10:30:25.319: [INFO][Sync] Stopped: Extensions
2026-05-04 10:30:25.319: [INFO][Sync] Stopped: Sessions
2026-05-04 10:30:25.319: [INFO][Sync] Stopped: Extension settings
2026-05-04 10:30:25.319: [INFO][Sync] Stopped: History Delete Directives
2026-05-04 10:30:25.319: [INFO][Sync] Stopped: Device Info
2026-05-04 10:30:25.319: [INFO][Sync] Stopped: User Consents
2026-05-04 10:30:25.319: [INFO][Sync] Stopped: Send Tab To Self
2026-05-04 10:30:25.319: [INFO][Sync] Stopped: Web Apps
2026-05-04 10:30:25.319: [INFO][Sync] Stopped: History
2026-05-04 10:30:25.319: [INFO][Sync] Stopped: Saved Tab Group
2026-05-04 10:30:25.319: [INFO][Sync] Stopped: WebAuthn Credentials
2026-05-04 10:30:25.319: [INFO][Sync] Stopped: Collection
2026-05-04 10:30:25.319: [INFO][Sync] Stopped: Edge E Drop
2026-05-04 10:30:25.319: [INFO][Sync] Stopped: Edge Hub App Usage
2026-05-04 10:30:25.319: [INFO][Sync] Stopped: Edge Wallet
2026-05-04 10:30:25.319: [INFO][Sync] Stopped: Edge Workspace
2026-05-04 10:30:25.319: [INFO][Sync] SyncState after authenticated was: NotSignedIn
2026-05-04 10:30:25.830: [INFO][Sync] Reset engine, reason: 8
2026-05-04 10:30:25.830: [INFO][Sync] Stopped: Bookmarks
2026-05-04 10:30:25.830: [INFO][Sync] Stopped: Preferences
2026-05-04 10:30:25.830: [INFO][Sync] Stopped: Passwords
2026-05-04 10:30:25.830: [INFO][Sync] Stopped: Autofill Profiles
2026-05-04 10:30:25.830: [INFO][Sync] Stopped: Autofill
2026-05-04 10:30:25.830: [INFO][Sync] Stopped: Extensions
2026-05-04 10:30:25.830: [INFO][Sync] Stopped: Sessions
2026-05-04 10:30:25.830: [INFO][Sync] Stopped: Extension settings
2026-05-04 10:30:25.830: [INFO][Sync] Stopped: History Delete Directives
2026-05-04 10:30:25.830: [INFO][Sync] Stopped: Device Info
2026-05-04 10:30:25.830: [INFO][Sync] Stopped: User Consents
2026-05-04 10:30:25.830: [INFO][Sync] Stopped: Send Tab To Self
2026-05-04 10:30:25.830: [INFO][Sync] Stopped: Web Apps
2026-05-04 10:30:25.830: [INFO][Sync] Stopped: History
2026-05-04 10:30:25.830: [INFO][Sync] Stopped: Saved Tab Group
2026-05-04 10:30:25.830: [INFO][Sync] Stopped: WebAuthn Credentials
2026-05-04 10:30:25.830: [INFO][Sync] Stopped: Collection
2026-05-04 10:30:25.830: [INFO][Sync] Stopped: Edge E Drop
2026-05-04 10:30:25.830: [INFO][Sync] Stopped: Edge Hub App Usage
2026-05-04 10:30:25.830: [INFO][Sync] Stopped: Edge Wallet
2026-05-04 10:30:25.830: [INFO][Sync] Stopped: Edge Workspace
2026-05-04 10:30:28.521: [INFO][Sync] Try to start sync engine
2026-05-04 10:30:28.522: [INFO][SyncManagerImpl::NudgeForInitialDownload] Initial download nudge for Encryption Keys
2026-05-04 10:30:28.522: [INFO][SyncEngineBackend::LoadAndConnectNigoriController] Load and connect Nigori controller
2026-05-04 10:30:28.522: [INFO][SyncEngineBackend::DoInitialize] Control Types added: Encryption Keys
2026-05-04 10:30:28.522: [INFO][SyncManagerImpl::ConfigureSyncer] Types to download: Encryption Keys with reason: 3
2026-05-04 10:30:28.522: [INFO][SyncSchedulerImpl::DoConfigurationSyncCycleJob] Configure job was blocked
2026-05-04 10:30:28.629: [INFO][SyncAuthManager::SetLastAuthError] Current auth error: None
2026-05-04 10:30:28.629: [INFO][SyncAuthManager::EdgeLogTokenErrorState] Token error with: None for account type: MSA
2026-05-04 10:30:28.629: [INFO][Sync] Credentials changed for: EdgeSyncScopeNew
2026-05-04 10:30:29.990: [INFO][SyncAuthManager::SetLastAuthError] Current auth error: None
2026-05-04 10:30:29.990: [INFO][SyncAuthManager::EdgeLogTokenErrorState] Token error with: None for account type: MSA
2026-05-04 10:30:29.990: [INFO][Sync] Credentials changed for: EdgeSyncKeyDataScope
2026-05-04 10:30:29.990: [INFO][SyncEngineBackend::DoUpdateKeyDataCredentials] Update key data credentials
2026-05-04 10:30:29.990: [INFO][SyncEngineBackend::DoUpdateCredentials] Update credentials
2026-05-04 10:30:29.990: [INFO][SyncSchedulerImpl::DoConfigurationSyncCycleJob] Blocked types:  and types to download: Encryption Keys
2026-05-04 10:30:30.901: [INFO][Sync] Started DataTypeManager configuration, reason: 4
2026-05-04 10:30:30.901: [INFO][Sync] Configuring for: Bookmarks, Preferences, Passwords, Autofill Profiles, Autofill, Extensions, Sessions, Extension settings, History Delete Directives, Device Info, User Consents, Send Tab To Self, Web Apps, History, Saved Tab Group, WebAuthn Credentials, Collection, Edge E Drop, Edge Hub App Usage, Edge Wallet, Edge Workspace, Encryption Keys, reason: 3, current state: 0
2026-05-04 10:30:30.901: [WARN][Sync] Crypto error data types: Passwords, Autofill Profiles, Autofill
2026-05-04 10:30:30.905: [INFO][Sync] Configure, desired: Bookmarks, Preferences, Extensions, Sessions, Extension settings, History Delete Directives, Device Info, User Consents, Send Tab To Self, Web Apps, History, Saved Tab Group, WebAuthn Credentials, Collection, Edge E Drop, Edge Hub App Usage, Edge Wallet, Edge Workspace, Encryption Keys; Allow fail: Passwords, Autofill Profiles, Autofill
2026-05-04 10:30:30.905: [INFO][Sync] Loading: Bookmarks
2026-05-04 10:30:30.905: [INFO][Sync] Loading: Preferences
2026-05-04 10:30:30.905: [INFO][Sync] Loading: Extensions
2026-05-04 10:30:30.905: [INFO][Sync] Loading: Sessions
2026-05-04 10:30:30.905: [INFO][Sync] Loading: Extension settings
2026-05-04 10:30:30.905: [INFO][Sync] Loading: History Delete Directives
2026-05-04 10:30:30.905: [INFO][Sync] Loading: Device Info
2026-05-04 10:30:30.905: [INFO][Sync] Loading: User Consents
2026-05-04 10:30:30.905: [INFO][Sync] Loading: Send Tab To Self
2026-05-04 10:30:30.905: [INFO][Sync] Loading: Web Apps
2026-05-04 10:30:30.905: [INFO][Sync] Loading: History
2026-05-04 10:30:30.905: [INFO][Sync] Loading: Saved Tab Group
2026-05-04 10:30:30.905: [INFO][Sync] Loading: WebAuthn Credentials
2026-05-04 10:30:30.905: [INFO][Sync] Loading: Collection
2026-05-04 10:30:30.905: [INFO][Sync] Loading: Edge E Drop
2026-05-04 10:30:30.905: [INFO][Sync] Loading: Edge Hub App Usage
2026-05-04 10:30:30.905: [INFO][Sync] Loading: Edge Wallet
2026-05-04 10:30:30.905: [INFO][Sync] Loading: Edge Workspace
2026-05-04 10:30:30.925: [INFO][Sync] All data types are ready for configure.
2026-05-04 10:30:31.624: [INFO][Sync] Started DataTypeManager configuration, reason: 5
2026-05-04 10:30:31.624: [INFO][Sync] Configuring for: Bookmarks, Preferences, Passwords, Autofill Profiles, Autofill, Extensions, Sessions, Extension settings, History Delete Directives, Device Info, User Consents, Send Tab To Self, Web Apps, History, Saved Tab Group, WebAuthn Credentials, Collection, Edge E Drop, Edge Hub App Usage, Edge Wallet, Edge Workspace, Encryption Keys, reason: 5, current state: 1
2026-05-04 10:30:31.647: [INFO][SyncEngineBackend::DoStartConfiguration] Start configuration
2026-05-04 10:30:31.647: [INFO][SyncManagerImpl::NudgeForInitialDownload] Initial download nudge for Bookmarks
2026-05-04 10:30:31.647: [INFO][SyncManagerImpl::NudgeForInitialDownload] Initial download nudge for Preferences
2026-05-04 10:30:31.647: [INFO][SyncManagerImpl::NudgeForInitialDownload] Initial download nudge for Extensions
2026-05-04 10:30:31.647: [INFO][SyncManagerImpl::NudgeForInitialDownload] Initial download nudge for Sessions
2026-05-04 10:30:31.647: [INFO][SyncManagerImpl::NudgeForInitialDownload] Initial download nudge for Extension settings
2026-05-04 10:30:31.647: [INFO][SyncManagerImpl::NudgeForInitialDownload] Initial download nudge for History Delete Directives
2026-05-04 10:30:31.647: [INFO][SyncManagerImpl::NudgeForInitialDownload] Initial download nudge for Device Info
2026-05-04 10:30:31.647: [INFO][SyncManagerImpl::NudgeForInitialDownload] Initial download nudge for Send Tab To Self
2026-05-04 10:30:31.647: [INFO][SyncManagerImpl::NudgeForInitialDownload] Initial download nudge for Web Apps
2026-05-04 10:30:31.647: [INFO][SyncManagerImpl::NudgeForInitialDownload] Initial download nudge for History
2026-05-04 10:30:31.647: [INFO][SyncManagerImpl::NudgeForInitialDownload] Initial download nudge for Saved Tab Group
2026-05-04 10:30:31.647: [INFO][SyncManagerImpl::NudgeForInitialDownload] Initial download nudge for WebAuthn Credentials
2026-05-04 10:30:31.647: [INFO][SyncManagerImpl::NudgeForInitialDownload] Initial download nudge for Collection
2026-05-04 10:30:31.647: [INFO][SyncManagerImpl::NudgeForInitialDownload] Initial download nudge for Edge E Drop
2026-05-04 10:30:31.647: [INFO][SyncManagerImpl::NudgeForInitialDownload] Initial download nudge for Edge Hub App Usage
2026-05-04 10:30:31.647: [INFO][SyncManagerImpl::NudgeForInitialDownload] Initial download nudge for Edge Wallet
2026-05-04 10:30:31.648: [INFO][SyncManagerImpl::NudgeForInitialDownload] Initial download nudge for Edge Workspace
2026-05-04 10:30:31.648: [INFO][SyncManagerImpl::ConfigureSyncer] Types to download:  with reason: 3
2026-05-04 10:30:31.648: [INFO][SyncEngineBackend::DoFinishConfigureDataTypes] Failed to download types:  and succeeded types: 
2026-05-04 10:30:31.651: [INFO][Sync] ConfigurationDone, failed: , succeeded: , remaining count: 4
2026-05-04 10:30:31.651: [WARN][Sync]     Reconfigure requested while configuration ongoing.
2026-05-04 10:30:31.651: [INFO][Sync] Configuring for: Bookmarks, Preferences, Passwords, Autofill Profiles, Autofill, Extensions, Sessions, Extension settings, History Delete Directives, Device Info, User Consents, Send Tab To Self, Web Apps, History, Saved Tab Group, WebAuthn Credentials, Collection, Edge E Drop, Edge Hub App Usage, Edge Wallet, Edge Workspace, Encryption Keys, reason: 5, current state: 2
2026-05-04 10:30:31.651: [INFO][Sync] Configure, desired: Bookmarks, Preferences, Passwords, Autofill Profiles, Autofill, Extensions, Sessions, Extension settings, History Delete Directives, Device Info, User Consents, Send Tab To Self, Web Apps, History, Saved Tab Group, WebAuthn Credentials, Collection, Edge E Drop, Edge Hub App Usage, Edge Wallet, Edge Workspace, Encryption Keys; Allow fail: 
2026-05-04 10:30:31.651: [INFO][Sync] Loading: Passwords
2026-05-04 10:30:31.651: [INFO][Sync] Loading: Autofill Profiles
2026-05-04 10:30:31.651: [INFO][Sync] Loading: Autofill
2026-05-04 10:30:31.652: [INFO][Sync] All data types are ready for configure.
2026-05-04 10:30:31.652: [INFO][SyncManagerImpl::NudgeForInitialDownload] Initial download nudge for Passwords
2026-05-04 10:30:31.652: [INFO][SyncManagerImpl::NudgeForInitialDownload] Initial download nudge for Autofill Profiles
2026-05-04 10:30:31.652: [INFO][SyncManagerImpl::NudgeForInitialDownload] Initial download nudge for Autofill
2026-05-04 10:30:31.652: [INFO][SyncManagerImpl::ConfigureSyncer] Types to download:  with reason: 5
2026-05-04 10:30:31.652: [INFO][SyncEngineBackend::DoFinishConfigureDataTypes] Failed to download types:  and succeeded types: 
2026-05-04 10:30:31.653: [INFO][Sync] ConfigurationDone, failed: , succeeded: , remaining count: 4
2026-05-04 10:30:31.653: [INFO][Sync] Prepare to configure types: Preferences, Passwords, Device Info, Send Tab To Self, Edge E Drop, Encryption Keys
2026-05-04 10:30:31.653: [INFO][SyncManagerImpl::ConfigureSyncer] Types to download: Preferences, Passwords, Device Info, Send Tab To Self, Edge E Drop, Encryption Keys with reason: 5
2026-05-04 10:30:31.653: [INFO][SyncSchedulerImpl::DoConfigurationSyncCycleJob] Blocked types:  and types to download: Preferences, Passwords, Device Info, Send Tab To Self, Edge E Drop, Encryption Keys
2026-05-04 10:30:33.905: [INFO][SyncEngineBackend::DoFinishConfigureDataTypes] Failed to download types:  and succeeded types: Preferences, Passwords, Device Info, Send Tab To Self, Edge E Drop, Encryption Keys
2026-05-04 10:30:34.018: [INFO][Sync] ConfigurationDone, failed: , succeeded: Preferences, Passwords, Device Info, Send Tab To Self, Edge E Drop, Encryption Keys, remaining count: 3
2026-05-04 10:30:34.018: [INFO][Sync] Prepare to configure types: Bookmarks, Encryption Keys
2026-05-04 10:30:34.018: [INFO][SyncManagerImpl::ConfigureSyncer] Types to download: Bookmarks, Encryption Keys with reason: 5
2026-05-04 10:30:34.018: [INFO][SyncSchedulerImpl::DoConfigurationSyncCycleJob] Blocked types:  and types to download: Bookmarks, Encryption Keys
2026-05-04 10:30:34.486: [INFO][SyncEngineBackend::DoFinishConfigureDataTypes] Failed to download types:  and succeeded types: Bookmarks, Encryption Keys
2026-05-04 10:30:34.681: [INFO][Sync] ConfigurationDone, failed: , succeeded: Bookmarks, Encryption Keys, remaining count: 2
2026-05-04 10:30:34.681: [INFO][Sync] Prepare to configure types: Autofill Profiles, Autofill, Extensions, Sessions, Extension settings, History Delete Directives, Web Apps, Saved Tab Group, WebAuthn Credentials, Collection, Edge Hub App Usage, Edge Wallet, Edge Workspace, Encryption Keys
2026-05-04 10:30:34.681: [INFO][SyncManagerImpl::ConfigureSyncer] Types to download: Autofill Profiles, Autofill, Extensions, Sessions, Extension settings, History Delete Directives, Web Apps, Saved Tab Group, WebAuthn Credentials, Collection, Edge Hub App Usage, Edge Wallet, Edge Workspace, Encryption Keys with reason: 5
2026-05-04 10:30:34.681: [INFO][SyncSchedulerImpl::DoConfigurationSyncCycleJob] Blocked types:  and types to download: Autofill Profiles, Autofill, Extensions, Sessions, Extension settings, History Delete Directives, Web Apps, Saved Tab Group, WebAuthn Credentials, Collection, Edge Hub App Usage, Edge Wallet, Edge Workspace, Encryption Keys
2026-05-04 10:30:51.419: [INFO][SyncEngineBackend::DoFinishConfigureDataTypes] Failed to download types:  and succeeded types: Autofill Profiles, Autofill, Extensions, Sessions, Extension settings, History Delete Directives, Web Apps, Saved Tab Group, WebAuthn Credentials, Collection, Edge Hub App Usage, Edge Wallet, Edge Workspace, Encryption Keys
2026-05-04 10:30:51.423: [INFO][Sync] ConfigurationDone, failed: , succeeded: Autofill Profiles, Autofill, Extensions, Sessions, Extension settings, History Delete Directives, Web Apps, Saved Tab Group, WebAuthn Credentials, Collection, Edge Hub App Usage, Edge Wallet, Edge Workspace, Encryption Keys, remaining count: 1
2026-05-04 10:30:51.427: [INFO][Sync] Prepare to configure types: History, Encryption Keys
2026-05-04 10:30:51.427: [INFO][SyncManagerImpl::ConfigureSyncer] Types to download: History, Encryption Keys with reason: 5
2026-05-04 10:30:51.427: [INFO][SyncSchedulerImpl::DoConfigurationSyncCycleJob] Blocked types:  and types to download: History, Encryption Keys
2026-05-04 10:31:31.410: [INFO][SyncEngineBackend::DoFinishConfigureDataTypes] Failed to download types:  and succeeded types: History, Encryption Keys
2026-05-04 10:31:31.413: [INFO][Sync] ConfigurationDone, failed: , succeeded: History, Encryption Keys, remaining count: 0
2026-05-04 10:31:31.415: [INFO][Sync]     Configuration completed, state: 7
2026-05-04 10:31:31.415: [INFO][Sync] Configured DataTypeManager: Ok
2026-05-04 10:31:31.418: [INFO][SyncEngineBackend::DoStartSyncing] Start syncing
2026-05-04 10:31:34.605: [INFO][Sync] Reset engine, reason: 0
2026-05-04 10:31:34.605: [INFO][Sync] Reset engine with reason: 0
2026-05-04 10:31:34.605: [INFO][SyncSchedulerImpl::OnSyncNetworkError] Syncer error: Network error (ERR_ABORTED)
2026-05-04 10:31:34.605: [INFO][Commit::ReportFullCommitFailure] Commit Passwords failed with error: NetworkError
2026-05-04 10:31:34.606: [INFO][SyncSchedulerImpl::DoNudgeSyncCycleJob] Syncer error: Network error (ERR_ABORTED)
2026-05-04 18:21:23.909: [INFO][Sync] SyncState after authenticated was: FeatureCanStart
2026-05-04 18:21:26.080: [INFO][SyncAuthManager::SetLastAuthError] Current auth error: None
2026-05-04 18:21:26.080: [INFO][SyncAuthManager::EdgeLogTokenErrorState] Token error with: None for account type: MSA
2026-05-04 18:21:26.080: [INFO][Sync] Credentials changed for: EdgeSyncKeyDataScope
2026-05-04 18:21:32.997: [INFO][Sync] Try to start sync engine
2026-05-04 18:21:32.998: [INFO][SyncManagerImpl::NudgeForInitialDownload] Initial download nudge for Encryption Keys
2026-05-04 18:21:32.998: [INFO][SyncEngineBackend::LoadAndConnectNigoriController] Load and connect Nigori controller
2026-05-04 18:21:32.998: [INFO][SyncEngineBackend::DoInitialize] Control Types added: Encryption Keys
2026-05-04 18:21:32.998: [INFO][SyncManagerImpl::ConfigureSyncer] Types to download: Encryption Keys with reason: 3
2026-05-04 18:21:32.998: [INFO][SyncEngineBackend::DoUpdateKeyDataCredentials] Update key data credentials
2026-05-04 18:21:32.998: [INFO][SyncSchedulerImpl::DoConfigurationSyncCycleJob] Configure job was blocked
2026-05-04 18:21:33.006: [INFO][SyncAuthManager::SetLastAuthError] Current auth error: None
2026-05-04 18:21:33.006: [INFO][SyncAuthManager::EdgeLogTokenErrorState] Token error with: None for account type: MSA
2026-05-04 18:21:33.006: [INFO][Sync] Credentials changed for: EdgeSyncScopeNew
2026-05-04 18:21:33.006: [INFO][SyncEngineBackend::DoUpdateCredentials] Update credentials
2026-05-04 18:21:33.006: [INFO][SyncEngineBackend::DoUpdateKeyDataCredentials] Update key data credentials
2026-05-04 18:21:33.006: [INFO][SyncSchedulerImpl::DoConfigurationSyncCycleJob] Blocked types:  and types to download: Encryption Keys
2026-05-04 18:21:34.044: [INFO][Sync] Started DataTypeManager configuration, reason: 4
2026-05-04 18:21:34.044: [INFO][Sync] Configuring for: Bookmarks, Preferences, Passwords, Autofill Profiles, Autofill, Extensions, Sessions, Extension settings, History Delete Directives, Device Info, User Consents, Send Tab To Self, Web Apps, History, Saved Tab Group, WebAuthn Credentials, Collection, Edge E Drop, Edge Hub App Usage, Edge Wallet, Edge Workspace, Encryption Keys, reason: 4, current state: 0
2026-05-04 18:21:34.044: [WARN][Sync] Crypto error data types: Passwords, Autofill Profiles, Autofill
2026-05-04 18:21:34.047: [INFO][Sync] Configure, desired: Bookmarks, Preferences, Extensions, Sessions, Extension settings, History Delete Directives, Device Info, User Consents, Send Tab To Self, Web Apps, History, Saved Tab Group, WebAuthn Credentials, Collection, Edge E Drop, Edge Hub App Usage, Edge Wallet, Edge Workspace, Encryption Keys; Allow fail: Passwords, Autofill Profiles, Autofill
2026-05-04 18:21:34.047: [INFO][Sync] Loading: Bookmarks
2026-05-04 18:21:34.047: [INFO][Sync] Loading: Preferences
2026-05-04 18:21:34.047: [INFO][Sync] Loading: Extensions
2026-05-04 18:21:34.047: [INFO][Sync] Loading: Sessions
2026-05-04 18:21:34.047: [INFO][Sync] Loading: Extension settings
2026-05-04 18:21:34.047: [INFO][Sync] Loading: History Delete Directives
2026-05-04 18:21:34.047: [INFO][Sync] Loading: Device Info
2026-05-04 18:21:34.047: [INFO][Sync] Loading: User Consents
2026-05-04 18:21:34.047: [INFO][Sync] Loading: Send Tab To Self
2026-05-04 18:21:34.047: [INFO][Sync] Loading: Web Apps
2026-05-04 18:21:34.047: [INFO][Sync] Loading: History
2026-05-04 18:21:34.047: [INFO][Sync] Loading: Saved Tab Group
2026-05-04 18:21:34.047: [INFO][Sync] Loading: WebAuthn Credentials
2026-05-04 18:21:34.047: [INFO][Sync] Loading: Collection
2026-05-04 18:21:34.047: [INFO][Sync] Loading: Edge E Drop
2026-05-04 18:21:34.047: [INFO][Sync] Loading: Edge Hub App Usage
2026-05-04 18:21:34.047: [INFO][Sync] Loading: Edge Wallet
2026-05-04 18:21:34.047: [INFO][Sync] Loading: Edge Workspace
2026-05-04 18:21:34.060: [INFO][Sync] All data types are ready for configure.
2026-05-04 18:21:34.791: [INFO][Sync] Started DataTypeManager configuration, reason: 5
2026-05-04 18:21:34.791: [INFO][Sync] Configuring for: Bookmarks, Preferences, Passwords, Autofill Profiles, Autofill, Extensions, Sessions, Extension settings, History Delete Directives, Device Info, User Consents, Send Tab To Self, Web Apps, History, Saved Tab Group, WebAuthn Credentials, Collection, Edge E Drop, Edge Hub App Usage, Edge Wallet, Edge Workspace, Encryption Keys, reason: 5, current state: 1
2026-05-04 18:21:34.812: [INFO][SyncEngineBackend::DoStartConfiguration] Start configuration
2026-05-04 18:21:34.812: [INFO][SyncManagerImpl::ConfigureSyncer] Types to download:  with reason: 4
2026-05-04 18:21:34.812: [INFO][SyncEngineBackend::DoFinishConfigureDataTypes] Failed to download types:  and succeeded types: 
2026-05-04 18:21:34.812: [INFO][Sync] ConfigurationDone, failed: , succeeded: , remaining count: 4
2026-05-04 18:21:34.812: [WARN][Sync]     Reconfigure requested while configuration ongoing.
2026-05-04 18:21:34.812: [INFO][Sync] Configuring for: Bookmarks, Preferences, Passwords, Autofill Profiles, Autofill, Extensions, Sessions, Extension settings, History Delete Directives, Device Info, User Consents, Send Tab To Self, Web Apps, History, Saved Tab Group, WebAuthn Credentials, Collection, Edge E Drop, Edge Hub App Usage, Edge Wallet, Edge Workspace, Encryption Keys, reason: 5, current state: 2
2026-05-04 18:21:34.813: [INFO][Sync] Configure, desired: Bookmarks, Preferences, Passwords, Autofill Profiles, Autofill, Extensions, Sessions, Extension settings, History Delete Directives, Device Info, User Consents, Send Tab To Self, Web Apps, History, Saved Tab Group, WebAuthn Credentials, Collection, Edge E Drop, Edge Hub App Usage, Edge Wallet, Edge Workspace, Encryption Keys; Allow fail: 
2026-05-04 18:21:34.813: [INFO][Sync] Loading: Passwords
2026-05-04 18:21:34.813: [INFO][Sync] Loading: Autofill Profiles
2026-05-04 18:21:34.813: [INFO][Sync] Loading: Autofill
2026-05-04 18:21:34.813: [INFO][Sync] All data types are ready for configure.
2026-05-04 18:21:34.813: [INFO][SyncManagerImpl::NudgeForInitialDownload] Initial download nudge for Passwords
2026-05-04 18:21:34.813: [INFO][SyncManagerImpl::ConfigureSyncer] Types to download:  with reason: 5
2026-05-04 18:21:34.813: [INFO][SyncEngineBackend::DoFinishConfigureDataTypes] Failed to download types:  and succeeded types: 
2026-05-04 18:21:34.813: [INFO][Sync] ConfigurationDone, failed: , succeeded: , remaining count: 4
2026-05-04 18:21:34.813: [INFO][Sync] Prepare to configure types: Passwords, Encryption Keys
2026-05-04 18:21:34.813: [INFO][SyncManagerImpl::ConfigureSyncer] Types to download: Passwords, Encryption Keys with reason: 5
2026-05-04 18:21:34.813: [INFO][SyncSchedulerImpl::DoConfigurationSyncCycleJob] Blocked types:  and types to download: Passwords, Encryption Keys
2026-05-04 18:21:36.662: [INFO][SyncEngineBackend::DoFinishConfigureDataTypes] Failed to download types:  and succeeded types: Passwords, Encryption Keys
2026-05-04 18:21:36.665: [INFO][Sync] ConfigurationDone, failed: , succeeded: Passwords, Encryption Keys, remaining count: 3
2026-05-04 18:21:36.665: [INFO][SyncManagerImpl::ConfigureSyncer] Types to download:  with reason: 5
2026-05-04 18:21:36.665: [INFO][SyncEngineBackend::DoFinishConfigureDataTypes] Failed to download types:  and succeeded types: 
2026-05-04 18:21:36.665: [INFO][Sync] ConfigurationDone, failed: , succeeded: , remaining count: 2
2026-05-04 18:21:36.665: [INFO][SyncManagerImpl::ConfigureSyncer] Types to download:  with reason: 5
2026-05-04 18:21:36.665: [INFO][SyncEngineBackend::DoFinishConfigureDataTypes] Failed to download types:  and succeeded types: 
2026-05-04 18:21:36.671: [INFO][Sync] ConfigurationDone, failed: , succeeded: , remaining count: 1
2026-05-04 18:21:36.674: [INFO][SyncManagerImpl::ConfigureSyncer] Types to download:  with reason: 5
2026-05-04 18:21:36.674: [INFO][SyncEngineBackend::DoFinishConfigureDataTypes] Failed to download types:  and succeeded types: 
2026-05-04 18:21:36.674: [INFO][Sync] ConfigurationDone, failed: , succeeded: , remaining count: 0
2026-05-04 18:21:36.676: [INFO][Sync]     Configuration completed, state: 7
2026-05-04 18:21:36.677: [INFO][Sync] Configured DataTypeManager: Ok
2026-05-04 18:21:36.681: [INFO][SyncEngineBackend::DoStartSyncing] Start syncing
2026-05-04 18:22:02.948: [INFO][Sync] Reset engine, reason: 0
2026-05-04 18:22:02.948: [INFO][Sync] Reset engine with reason: 0
2026-05-04 18:22:02.948: [INFO][SyncSchedulerImpl::OnSyncNetworkError] Syncer error: Network error (ERR_ABORTED)
2026-05-04 18:22:02.948: [INFO][Commit::ReportFullCommitFailure] Commit Passwords failed with error: NetworkError
2026-05-04 18:22:02.949: [INFO][SyncSchedulerImpl::DoNudgeSyncCycleJob] Syncer error: Network error (ERR_ABORTED)
2026-05-04 18:23:03.077: [INFO][Sync] Reset engine, reason: 8
2026-05-04 18:23:03.078: [INFO][Sync] Stopped: Bookmarks
2026-05-04 18:23:03.078: [INFO][Sync] Stopped: Preferences
2026-05-04 18:23:03.078: [INFO][Sync] Stopped: Passwords
2026-05-04 18:23:03.078: [INFO][Sync] Stopped: Autofill Profiles
2026-05-04 18:23:03.078: [INFO][Sync] Stopped: Autofill
2026-05-04 18:23:03.078: [INFO][Sync] Stopped: Extensions
2026-05-04 18:23:03.078: [INFO][Sync] Stopped: Sessions
2026-05-04 18:23:03.078: [INFO][Sync] Stopped: Extension settings
2026-05-04 18:23:03.078: [INFO][Sync] Stopped: History Delete Directives
2026-05-04 18:23:03.078: [INFO][Sync] Stopped: Device Info
2026-05-04 18:23:03.078: [INFO][Sync] Stopped: User Consents
2026-05-04 18:23:03.078: [INFO][Sync] Stopped: Send Tab To Self
2026-05-04 18:23:03.078: [INFO][Sync] Stopped: Web Apps
2026-05-04 18:23:03.078: [INFO][Sync] Stopped: History
2026-05-04 18:23:03.078: [INFO][Sync] Stopped: Saved Tab Group
2026-05-04 18:23:03.078: [INFO][Sync] Stopped: WebAuthn Credentials
2026-05-04 18:23:03.078: [INFO][Sync] Stopped: Collection
2026-05-04 18:23:03.078: [INFO][Sync] Stopped: Edge E Drop
2026-05-04 18:23:03.078: [INFO][Sync] Stopped: Edge Hub App Usage
2026-05-04 18:23:03.078: [INFO][Sync] Stopped: Edge Wallet
2026-05-04 18:23:03.078: [INFO][Sync] Stopped: Edge Workspace
2026-05-04 18:23:03.078: [INFO][Sync] SyncState after authenticated was: NotSignedIn
2026-05-04 18:23:03.422: [INFO][Sync] Reset engine, reason: 8
2026-05-04 18:23:03.422: [INFO][Sync] Stopped: Bookmarks
2026-05-04 18:23:03.422: [INFO][Sync] Stopped: Preferences
2026-05-04 18:23:03.422: [INFO][Sync] Stopped: Passwords
2026-05-04 18:23:03.422: [INFO][Sync] Stopped: Autofill Profiles
2026-05-04 18:23:03.422: [INFO][Sync] Stopped: Autofill
2026-05-04 18:23:03.422: [INFO][Sync] Stopped: Extensions
2026-05-04 18:23:03.422: [INFO][Sync] Stopped: Sessions
2026-05-04 18:23:03.422: [INFO][Sync] Stopped: Extension settings
2026-05-04 18:23:03.422: [INFO][Sync] Stopped: History Delete Directives
2026-05-04 18:23:03.422: [INFO][Sync] Stopped: Device Info
2026-05-04 18:23:03.422: [INFO][Sync] Stopped: User Consents
2026-05-04 18:23:03.422: [INFO][Sync] Stopped: Send Tab To Self
2026-05-04 18:23:03.422: [INFO][Sync] Stopped: Web Apps
2026-05-04 18:23:03.422: [INFO][Sync] Stopped: History
2026-05-04 18:23:03.422: [INFO][Sync] Stopped: Saved Tab Group
2026-05-04 18:23:03.422: [INFO][Sync] Stopped: WebAuthn Credentials
2026-05-04 18:23:03.422: [INFO][Sync] Stopped: Collection
2026-05-04 18:23:03.422: [INFO][Sync] Stopped: Edge E Drop
2026-05-04 18:23:03.422: [INFO][Sync] Stopped: Edge Hub App Usage
2026-05-04 18:23:03.422: [INFO][Sync] Stopped: Edge Wallet
2026-05-04 18:23:03.422: [INFO][Sync] Stopped: Edge Workspace
2026-05-04 18:23:06.207: [INFO][Sync] Try to start sync engine
2026-05-04 18:23:06.208: [INFO][SyncManagerImpl::NudgeForInitialDownload] Initial download nudge for Encryption Keys
2026-05-04 18:23:06.208: [INFO][SyncEngineBackend::LoadAndConnectNigoriController] Load and connect Nigori controller
2026-05-04 18:23:06.208: [INFO][SyncEngineBackend::DoInitialize] Control Types added: Encryption Keys
2026-05-04 18:23:06.208: [INFO][SyncManagerImpl::ConfigureSyncer] Types to download: Encryption Keys with reason: 3
2026-05-04 18:23:06.208: [INFO][SyncSchedulerImpl::DoConfigurationSyncCycleJob] Configure job was blocked
2026-05-04 18:23:06.247: [INFO][SyncAuthManager::SetLastAuthError] Current auth error: None
2026-05-04 18:23:06.247: [INFO][SyncAuthManager::EdgeLogTokenErrorState] Token error with: None for account type: MSA
2026-05-04 18:23:06.247: [INFO][Sync] Credentials changed for: EdgeSyncScopeNew
2026-05-04 18:23:06.309: [INFO][SyncAuthManager::SetLastAuthError] Current auth error: None
2026-05-04 18:23:06.309: [INFO][SyncAuthManager::EdgeLogTokenErrorState] Token error with: None for account type: MSA
2026-05-04 18:23:06.309: [INFO][Sync] Credentials changed for: EdgeSyncKeyDataScope
2026-05-04 18:23:06.309: [INFO][SyncEngineBackend::DoUpdateKeyDataCredentials] Update key data credentials
2026-05-04 18:23:06.309: [INFO][SyncEngineBackend::DoUpdateCredentials] Update credentials
2026-05-04 18:23:06.309: [INFO][SyncSchedulerImpl::DoConfigurationSyncCycleJob] Blocked types:  and types to download: Encryption Keys
2026-05-04 18:23:07.136: [INFO][Sync] Started DataTypeManager configuration, reason: 4
2026-05-04 18:23:07.136: [INFO][Sync] Configuring for: Bookmarks, Preferences, Passwords, Autofill Profiles, Autofill, Extensions, Sessions, Extension settings, History Delete Directives, Device Info, User Consents, Send Tab To Self, Web Apps, History, Saved Tab Group, WebAuthn Credentials, Collection, Edge E Drop, Edge Hub App Usage, Edge Wallet, Edge Workspace, Encryption Keys, reason: 4, current state: 0
2026-05-04 18:23:07.136: [WARN][Sync] Crypto error data types: Passwords, Autofill Profiles, Autofill
2026-05-04 18:23:07.139: [INFO][Sync] Configure, desired: Bookmarks, Preferences, Extensions, Sessions, Extension settings, History Delete Directives, Device Info, User Consents, Send Tab To Self, Web Apps, History, Saved Tab Group, WebAuthn Credentials, Collection, Edge E Drop, Edge Hub App Usage, Edge Wallet, Edge Workspace, Encryption Keys; Allow fail: Passwords, Autofill Profiles, Autofill
2026-05-04 18:23:07.140: [INFO][Sync] Loading: Bookmarks
2026-05-04 18:23:07.140: [INFO][Sync] Loading: Preferences
2026-05-04 18:23:07.140: [INFO][Sync] Loading: Extensions
2026-05-04 18:23:07.140: [INFO][Sync] Loading: Sessions
2026-05-04 18:23:07.140: [INFO][Sync] Loading: Extension settings
2026-05-04 18:23:07.140: [INFO][Sync] Loading: History Delete Directives
2026-05-04 18:23:07.140: [INFO][Sync] Loading: Device Info
2026-05-04 18:23:07.140: [INFO][Sync] Loading: User Consents
2026-05-04 18:23:07.140: [INFO][Sync] Loading: Send Tab To Self
2026-05-04 18:23:07.140: [INFO][Sync] Loading: Web Apps
2026-05-04 18:23:07.140: [INFO][Sync] Loading: History
2026-05-04 18:23:07.140: [INFO][Sync] Loading: Saved Tab Group
2026-05-04 18:23:07.140: [INFO][Sync] Loading: WebAuthn Credentials
2026-05-04 18:23:07.140: [INFO][Sync] Loading: Collection
2026-05-04 18:23:07.140: [INFO][Sync] Loading: Edge E Drop
2026-05-04 18:23:07.140: [INFO][Sync] Loading: Edge Hub App Usage
2026-05-04 18:23:07.140: [INFO][Sync] Loading: Edge Wallet
2026-05-04 18:23:07.140: [INFO][Sync] Loading: Edge Workspace
2026-05-04 18:23:07.169: [INFO][Sync] All data types are ready for configure.
2026-05-04 18:23:08.123: [INFO][Sync] Started DataTypeManager configuration, reason: 5
2026-05-04 18:23:08.123: [INFO][Sync] Configuring for: Bookmarks, Preferences, Passwords, Autofill Profiles, Autofill, Extensions, Sessions, Extension settings, History Delete Directives, Device Info, User Consents, Send Tab To Self, Web Apps, History, Saved Tab Group, WebAuthn Credentials, Collection, Edge E Drop, Edge Hub App Usage, Edge Wallet, Edge Workspace, Encryption Keys, reason: 5, current state: 1
2026-05-04 18:23:08.143: [INFO][SyncEngineBackend::DoStartConfiguration] Start configuration
2026-05-04 18:23:08.143: [INFO][SyncManagerImpl::NudgeForInitialDownload] Initial download nudge for Bookmarks
2026-05-04 18:23:08.143: [INFO][SyncManagerImpl::NudgeForInitialDownload] Initial download nudge for Preferences
2026-05-04 18:23:08.143: [INFO][SyncManagerImpl::NudgeForInitialDownload] Initial download nudge for Extensions
2026-05-04 18:23:08.143: [INFO][SyncManagerImpl::NudgeForInitialDownload] Initial download nudge for Sessions
2026-05-04 18:23:08.143: [INFO][SyncManagerImpl::NudgeForInitialDownload] Initial download nudge for Extension settings
2026-05-04 18:23:08.143: [INFO][SyncManagerImpl::NudgeForInitialDownload] Initial download nudge for History Delete Directives
2026-05-04 18:23:08.143: [INFO][SyncManagerImpl::NudgeForInitialDownload] Initial download nudge for Device Info
2026-05-04 18:23:08.143: [INFO][SyncManagerImpl::NudgeForInitialDownload] Initial download nudge for Send Tab To Self
2026-05-04 18:23:08.143: [INFO][SyncManagerImpl::NudgeForInitialDownload] Initial download nudge for Web Apps
2026-05-04 18:23:08.143: [INFO][SyncManagerImpl::NudgeForInitialDownload] Initial download nudge for History
2026-05-04 18:23:08.143: [INFO][SyncManagerImpl::NudgeForInitialDownload] Initial download nudge for Saved Tab Group
2026-05-04 18:23:08.143: [INFO][SyncManagerImpl::NudgeForInitialDownload] Initial download nudge for WebAuthn Credentials
2026-05-04 18:23:08.143: [INFO][SyncManagerImpl::NudgeForInitialDownload] Initial download nudge for Collection
2026-05-04 18:23:08.143: [INFO][SyncManagerImpl::NudgeForInitialDownload] Initial download nudge for Edge E Drop
2026-05-04 18:23:08.143: [INFO][SyncManagerImpl::NudgeForInitialDownload] Initial download nudge for Edge Hub App Usage
2026-05-04 18:23:08.143: [INFO][SyncManagerImpl::NudgeForInitialDownload] Initial download nudge for Edge Wallet
2026-05-04 18:23:08.143: [INFO][SyncManagerImpl::NudgeForInitialDownload] Initial download nudge for Edge Workspace
2026-05-04 18:23:08.143: [INFO][SyncManagerImpl::ConfigureSyncer] Types to download:  with reason: 4
2026-05-04 18:23:08.143: [INFO][SyncEngineBackend::DoFinishConfigureDataTypes] Failed to download types:  and succeeded types: 
2026-05-04 18:23:08.143: [INFO][Sync] ConfigurationDone, failed: , succeeded: , remaining count: 4
2026-05-04 18:23:08.143: [WARN][Sync]     Reconfigure requested while configuration ongoing.
2026-05-04 18:23:08.143: [INFO][Sync] Configuring for: Bookmarks, Preferences, Passwords, Autofill Profiles, Autofill, Extensions, Sessions, Extension settings, History Delete Directives, Device Info, User Consents, Send Tab To Self, Web Apps, History, Saved Tab Group, WebAuthn Credentials, Collection, Edge E Drop, Edge Hub App Usage, Edge Wallet, Edge Workspace, Encryption Keys, reason: 5, current state: 2
2026-05-04 18:23:08.144: [INFO][Sync] Configure, desired: Bookmarks, Preferences, Passwords, Autofill Profiles, Autofill, Extensions, Sessions, Extension settings, History Delete Directives, Device Info, User Consents, Send Tab To Self, Web Apps, History, Saved Tab Group, WebAuthn Credentials, Collection, Edge E Drop, Edge Hub App Usage, Edge Wallet, Edge Workspace, Encryption Keys; Allow fail: 
2026-05-04 18:23:08.144: [INFO][Sync] Loading: Passwords
2026-05-04 18:23:08.144: [INFO][Sync] Loading: Autofill Profiles
2026-05-04 18:23:08.144: [INFO][Sync] Loading: Autofill
2026-05-04 18:23:08.144: [INFO][Sync] All data types are ready for configure.
2026-05-04 18:23:08.144: [INFO][SyncManagerImpl::NudgeForInitialDownload] Initial download nudge for Passwords
2026-05-04 18:23:08.144: [INFO][SyncManagerImpl::NudgeForInitialDownload] Initial download nudge for Autofill Profiles
2026-05-04 18:23:08.144: [INFO][SyncManagerImpl::NudgeForInitialDownload] Initial download nudge for Autofill
2026-05-04 18:23:08.144: [INFO][SyncManagerImpl::ConfigureSyncer] Types to download:  with reason: 5
2026-05-04 18:23:08.144: [INFO][SyncEngineBackend::DoFinishConfigureDataTypes] Failed to download types:  and succeeded types: 
2026-05-04 18:23:08.144: [INFO][Sync] ConfigurationDone, failed: , succeeded: , remaining count: 4
2026-05-04 18:23:08.144: [INFO][Sync] Prepare to configure types: Preferences, Passwords, Device Info, Send Tab To Self, Edge E Drop, Encryption Keys
2026-05-04 18:23:08.145: [INFO][SyncManagerImpl::ConfigureSyncer] Types to download: Preferences, Passwords, Device Info, Send Tab To Self, Edge E Drop, Encryption Keys with reason: 5
2026-05-04 18:23:08.145: [INFO][SyncSchedulerImpl::DoConfigurationSyncCycleJob] Blocked types:  and types to download: Preferences, Passwords, Device Info, Send Tab To Self, Edge E Drop, Encryption Keys
2026-05-04 18:23:11.525: [INFO][SyncEngineBackend::DoFinishConfigureDataTypes] Failed to download types:  and succeeded types: Preferences, Passwords, Device Info, Send Tab To Self, Edge E Drop, Encryption Keys
2026-05-04 18:23:11.527: [INFO][Sync] ConfigurationDone, failed: , succeeded: Preferences, Passwords, Device Info, Send Tab To Self, Edge E Drop, Encryption Keys, remaining count: 3
2026-05-04 18:23:11.527: [INFO][Sync] Prepare to configure types: Bookmarks, Encryption Keys
2026-05-04 18:23:11.527: [INFO][SyncManagerImpl::ConfigureSyncer] Types to download: Bookmarks, Encryption Keys with reason: 5
2026-05-04 18:23:11.527: [INFO][SyncSchedulerImpl::DoConfigurationSyncCycleJob] Blocked types:  and types to download: Bookmarks, Encryption Keys
2026-05-04 18:23:12.159: [INFO][SyncEngineBackend::DoFinishConfigureDataTypes] Failed to download types:  and succeeded types: Bookmarks, Encryption Keys
2026-05-04 18:23:12.162: [INFO][Sync] ConfigurationDone, failed: , succeeded: Bookmarks, Encryption Keys, remaining count: 2
2026-05-04 18:23:12.162: [INFO][Sync] Prepare to configure types: Autofill Profiles, Autofill, Extensions, Sessions, Extension settings, History Delete Directives, Web Apps, Saved Tab Group, WebAuthn Credentials, Collection, Edge Hub App Usage, Edge Wallet, Edge Workspace, Encryption Keys
2026-05-04 18:23:12.162: [INFO][SyncManagerImpl::ConfigureSyncer] Types to download: Autofill Profiles, Autofill, Extensions, Sessions, Extension settings, History Delete Directives, Web Apps, Saved Tab Group, WebAuthn Credentials, Collection, Edge Hub App Usage, Edge Wallet, Edge Workspace, Encryption Keys with reason: 5
2026-05-04 18:23:12.162: [INFO][SyncSchedulerImpl::DoConfigurationSyncCycleJob] Blocked types:  and types to download: Autofill Profiles, Autofill, Extensions, Sessions, Extension settings, History Delete Directives, Web Apps, Saved Tab Group, WebAuthn Credentials, Collection, Edge Hub App Usage, Edge Wallet, Edge Workspace, Encryption Keys
2026-05-04 18:23:31.324: [INFO][SyncEngineBackend::DoFinishConfigureDataTypes] Failed to download types:  and succeeded types: Autofill Profiles, Autofill, Extensions, Sessions, Extension settings, History Delete Directives, Web Apps, Saved Tab Group, WebAuthn Credentials, Collection, Edge Hub App Usage, Edge Wallet, Edge Workspace, Encryption Keys
2026-05-04 18:23:31.326: [INFO][Sync] ConfigurationDone, failed: , succeeded: Autofill Profiles, Autofill, Extensions, Sessions, Extension settings, History Delete Directives, Web Apps, Saved Tab Group, WebAuthn Credentials, Collection, Edge Hub App Usage, Edge Wallet, Edge Workspace, Encryption Keys, remaining count: 1
2026-05-04 18:23:31.329: [INFO][Sync] Prepare to configure types: History, Encryption Keys
2026-05-04 18:23:31.329: [INFO][SyncManagerImpl::ConfigureSyncer] Types to download: History, Encryption Keys with reason: 5
2026-05-04 18:23:31.330: [INFO][SyncSchedulerImpl::DoConfigurationSyncCycleJob] Blocked types:  and types to download: History, Encryption Keys
2026-05-04 18:23:38.944: [INFO][Sync] Reset engine, reason: 0
2026-05-04 18:23:38.944: [INFO][Sync] Reset engine with reason: 0
2026-05-04 18:23:38.944: [INFO][SyncSchedulerImpl::OnSyncNetworkError] Syncer error: Network error (ERR_ABORTED)
2026-05-04 18:23:38.946: [INFO][SyncSchedulerImpl::DoConfigurationSyncCycleJob] Syncer error: Success
